[0.010s] Invoking command in '/home/won/fastcam_ws/build/mybot_simulation': CMAKE_PREFIX_PATH=${CMAKE_PREFIX_PATH}:/opt/ros/humble /usr/bin/cmake /home/won/fastcam_ws/src/mybot_simulation -DAMENT_CMAKE_SYMLINK_INSTALL=1 -DCMAKE_INSTALL_PREFIX=/home/won/fastcam_ws/install/mybot_simulation
[0.044s] -- The C compiler identification is GNU 11.4.0
[0.078s] -- The CXX compiler identification is GNU 11.4.0
[0.083s] -- Detecting C compiler ABI info
[0.126s] -- Detecting C compiler ABI info - done
[0.131s] -- Check for working C compiler: /usr/bin/cc - skipped
[0.131s] -- Detecting C compile features
[0.131s] -- Detecting C compile features - done
[0.133s] -- Detecting CXX compiler ABI info
[0.184s] -- Detecting CXX compiler ABI info - done
[0.190s] -- Check for working CXX compiler: /usr/bin/c++ - skipped
[0.190s] -- Detecting CXX compile features
[0.190s] -- Detecting CXX compile features - done
[0.192s] -- Found ament_cmake: 1.3.12 (/opt/ros/humble/share/ament_cmake/cmake)
[0.282s] -- Found Python3: /usr/bin/python3 (found version "3.10.12") found components: Interpreter 
[0.317s] -- Override CMake install command with custom implementation using symlinks instead of copying resources
[0.336s] -- Found rclpy: 3.3.19 (/opt/ros/humble/share/rclpy/cmake)
[0.337s] -- Found gazebo_ros: 3.9.0 (/opt/ros/humble/share/gazebo_ros/cmake)
[0.367s] -- Found rosidl_generator_c: 3.1.7 (/opt/ros/humble/share/rosidl_generator_c/cmake)
[0.370s] -- Found rosidl_adapter: 3.1.7 (/opt/ros/humble/share/rosidl_adapter/cmake)
[0.375s] -- Found rosidl_generator_cpp: 3.1.7 (/opt/ros/humble/share/rosidl_generator_cpp/cmake)
[0.383s] -- Using all available rosidl_typesupport_c: rosidl_typesupport_fastrtps_c;rosidl_typesupport_introspection_c
[0.393s] -- Using all available rosidl_typesupport_cpp: rosidl_typesupport_fastrtps_cpp;rosidl_typesupport_introspection_cpp
[0.425s] -- Found rmw_implementation_cmake: 6.1.2 (/opt/ros/humble/share/rmw_implementation_cmake/cmake)
[0.427s] -- Found rmw_fastrtps_cpp: 6.2.9 (/opt/ros/humble/share/rmw_fastrtps_cpp/cmake)
[0.485s] -- Found OpenSSL: /usr/lib/x86_64-linux-gnu/libcrypto.so (found version "3.0.2")  
[0.503s] -- Found FastRTPS: /opt/ros/humble/include  
[0.529s] -- Using RMW implementation 'rmw_fastrtps_cpp' as default
[0.535s] -- Looking for pthread.h
[0.577s] -- Looking for pthread.h - found
[0.577s] -- Performing Test CMAKE_HAVE_LIBC_PTHREAD
[0.622s] -- Performing Test CMAKE_HAVE_LIBC_PTHREAD - Success
[0.623s] -- Found Threads: TRUE  
[0.658s] -- Found PkgConfig: /usr/bin/pkg-config (found version "0.29.2") 
[0.658s] -- Checking for module 'bullet>=2.82'
[0.667s] --   Found bullet, version 3.05
[0.743s] -- Found fcl: /usr/include (found suitable version "0.7.0", minimum required is "0.5.0") 
[0.778s] -- Found assimp: /usr/include (found version "5.2.0") 
[0.793s] -- Found DART: /usr/include (Required is at least version "6.6") found components: dart 
[0.811s] -- Found Boost: /usr/lib/x86_64-linux-gnu/cmake/Boost-1.74.0/BoostConfig.cmake (found suitable version "1.74.0", minimum required is "1.40.0") found components: thread system filesystem program_options regex iostreams date_time 
[0.820s] -- Found Protobuf: /usr/lib/x86_64-linux-gnu/libprotobuf.so (found version "3.12.4") 
[0.824s] -- Looking for ignition-math6 -- found version 6.15.1
[0.828s] -- Searching for dependencies of ignition-math6
[0.829s] -- Looking for OGRE...
[0.829s] -- OGRE_PREFIX_WATCH changed.
[0.833s] -- Checking for module 'OGRE'
[0.842s] --   Found OGRE, version 1.9.0
[0.864s] -- Found Ogre Ghadamon (1.9.0)
[0.869s] -- Found OGRE: optimized;/usr/lib/x86_64-linux-gnu/libOgreMain.so;debug;/usr/lib/x86_64-linux-gnu/libOgreMain.so
[0.874s] -- Looking for OGRE_Paging...
[0.877s] -- Found OGRE_Paging: optimized;/usr/lib/x86_64-linux-gnu/libOgrePaging.so;debug;/usr/lib/x86_64-linux-gnu/libOgrePaging.so
[0.877s] -- Looking for OGRE_Terrain...
[0.880s] -- Found OGRE_Terrain: optimized;/usr/lib/x86_64-linux-gnu/libOgreTerrain.so;debug;/usr/lib/x86_64-linux-gnu/libOgreTerrain.so
[0.880s] -- Looking for OGRE_Property...
[0.883s] -- Found OGRE_Property: optimized;/usr/lib/x86_64-linux-gnu/libOgreProperty.so;debug;/usr/lib/x86_64-linux-gnu/libOgreProperty.so
[0.883s] -- Looking for OGRE_RTShaderSystem...
[0.886s] -- Found OGRE_RTShaderSystem: optimized;/usr/lib/x86_64-linux-gnu/libOgreRTShaderSystem.so;debug;/usr/lib/x86_64-linux-gnu/libOgreRTShaderSystem.so
[0.886s] -- Looking for OGRE_Volume...
[0.889s] -- Found OGRE_Volume: optimized;/usr/lib/x86_64-linux-gnu/libOgreVolume.so;debug;/usr/lib/x86_64-linux-gnu/libOgreVolume.so
[0.889s] -- Looking for OGRE_Overlay...
[0.892s] -- Found OGRE_Overlay: optimized;/usr/lib/x86_64-linux-gnu/libOgreOverlay.so;debug;/usr/lib/x86_64-linux-gnu/libOgreOverlay.so
[0.959s] -- Looking for ignition-math6 -- found version 6.15.1
[0.961s] -- Looking for ignition-transport8 -- found version 8.2.1
[0.961s] -- Searching for dependencies of ignition-transport8
[0.973s] -- Found Protobuf: /usr/lib/x86_64-linux-gnu/libprotobuf.so (found suitable version "3.12.4", minimum required is "3") 
[0.981s] -- Config-file not installed for ZeroMQ -- checking for pkg-config
[0.984s] -- Checking for module 'libzmq >= 4'
[0.993s] --   Found libzmq , version 4.3.4
[1.019s] -- Found ZeroMQ: TRUE (Required is at least version "4") 
[1.023s] -- Checking for module 'uuid'
[1.032s] --   Found uuid, version 2.37.2
[1.056s] -- Found UUID: TRUE  
[1.057s] -- Looking for ignition-msgs5 -- found version 5.8.1
[1.058s] -- Searching for dependencies of ignition-msgs5
[1.070s] -- Looking for ignition-math6 -- found version 6.15.1
[1.074s] -- Checking for module 'tinyxml2'
[1.082s] --   Found tinyxml2, version 9.0.0
[1.106s] -- Looking for ignition-msgs5 -- found version 5.8.1
[1.107s] -- Looking for ignition-common3 -- found version 3.14.0
[1.108s] -- Searching for dependencies of ignition-common3
[1.108s] -- Looking for dlfcn.h - found
[1.108s] -- Looking for libdl - found
[1.109s] -- Found DL: TRUE  
[1.115s] -- Found tinyobjloader: /usr/lib/x86_64-linux-gnu/cmake/tinyobjloader/tinyobjloader-config.cmake (found version "2.0.0") 
[1.115s] -- Searching for <ignition-common3> component [graphics]
[1.117s] -- Looking for ignition-common3-graphics -- found version 3.14.0
[1.117s] -- Searching for dependencies of ignition-common3-graphics
[1.117s] -- Looking for ignition-math6 -- found version 6.15.1
[1.119s] -- Looking for ignition-fuel_tools4 -- found version 4.4.0
[1.119s] -- Searching for dependencies of ignition-fuel_tools4
[1.172s] -- Found CURL: /usr/lib/x86_64-linux-gnu/libcurl.so (found version "7.81.0")  
[1.178s] -- Checking for module 'jsoncpp'
[1.187s] --   Found jsoncpp, version 1.9.5
[1.210s] -- Found JSONCPP: TRUE  
[1.213s] -- Checking for module 'libzip'
[1.223s] --   Found libzip, version 1.7.3
[1.246s] -- Found ZIP: TRUE  
[1.246s] -- Looking for ignition-common3 -- found version 3.14.0
[1.247s] -- Looking for ignition-math6 -- found version 6.15.1
[1.247s] -- Looking for ignition-msgs5 -- found version 5.8.1
[1.249s] -- Gazebo version: 11.10
[1.249s] -- Checking for module 'tbb'
[1.258s] --   Found tbb, version 2021.5.0
[1.282s] -- Found mybot_description: 0.0.0 (/home/won/fastcam_ws/install/mybot_description/share/mybot_description/cmake)
[1.283s] -- Found aws_robomaker_small_house_world: 1.0.0 (/home/won/fastcam_ws/install/aws_robomaker_small_house_world/share/aws_robomaker_small_house_world/cmake)
[1.284s] -- Found ament_lint_auto: 0.12.14 (/opt/ros/humble/share/ament_lint_auto/cmake)
[1.328s] -- Added test 'flake8' to check Python code syntax and style conventions
[1.329s] -- Added test 'lint_cmake' to check CMake code style
[1.329s] -- Added test 'pep257' to check Python code against some of the docstring style conventions in PEP 257
[1.330s] -- Added test 'xmllint' to check XML markup files
[1.331s] -- Configuring done
[1.335s] -- Generating done
[1.337s] -- Build files have been written to: /home/won/fastcam_ws/build/mybot_simulation
[1.344s] Invoked command in '/home/won/fastcam_ws/build/mybot_simulation' returned '0': CMAKE_PREFIX_PATH=${CMAKE_PREFIX_PATH}:/opt/ros/humble /usr/bin/cmake /home/won/fastcam_ws/src/mybot_simulation -DAMENT_CMAKE_SYMLINK_INSTALL=1 -DCMAKE_INSTALL_PREFIX=/home/won/fastcam_ws/install/mybot_simulation
[1.345s] Invoking command in '/home/won/fastcam_ws/build/mybot_simulation': CMAKE_PREFIX_PATH=${CMAKE_PREFIX_PATH}:/opt/ros/humble /usr/bin/cmake --build /home/won/fastcam_ws/build/mybot_simulation -- -j16 -l16
[1.373s] Invoked command in '/home/won/fastcam_ws/build/mybot_simulation' returned '0': CMAKE_PREFIX_PATH=${CMAKE_PREFIX_PATH}:/opt/ros/humble /usr/bin/cmake --build /home/won/fastcam_ws/build/mybot_simulation -- -j16 -l16
[1.374s] Invoking command in '/home/won/fastcam_ws/build/mybot_simulation': CMAKE_PREFIX_PATH=${CMAKE_PREFIX_PATH}:/opt/ros/humble /usr/bin/cmake --install /home/won/fastcam_ws/build/mybot_simulation
[1.378s] -- Install configuration: ""
[1.379s] -- Execute custom install script
[1.379s] -- Symlinking: /home/won/fastcam_ws/install/mybot_simulation/share/mybot_simulation//launch/start_world.launch.py
[1.385s] -- Symlinking: /home/won/fastcam_ws/install/mybot_simulation/share/ament_index/resource_index/package_run_dependencies/mybot_simulation
[1.390s] -- Symlinking: /home/won/fastcam_ws/install/mybot_simulation/share/ament_index/resource_index/parent_prefix_path/mybot_simulation
[1.395s] -- Symlinking: /home/won/fastcam_ws/install/mybot_simulation/share/mybot_simulation/environment/ament_prefix_path.sh
[1.400s] -- Symlinking: /home/won/fastcam_ws/install/mybot_simulation/share/mybot_simulation/environment/ament_prefix_path.dsv
[1.406s] -- Symlinking: /home/won/fastcam_ws/install/mybot_simulation/share/mybot_simulation/environment/path.sh
[1.412s] -- Symlinking: /home/won/fastcam_ws/install/mybot_simulation/share/mybot_simulation/environment/path.dsv
[1.417s] -- Symlinking: /home/won/fastcam_ws/install/mybot_simulation/share/mybot_simulation/local_setup.bash
[1.422s] -- Symlinking: /home/won/fastcam_ws/install/mybot_simulation/share/mybot_simulation/local_setup.sh
[1.427s] -- Symlinking: /home/won/fastcam_ws/install/mybot_simulation/share/mybot_simulation/local_setup.zsh
[1.433s] -- Symlinking: /home/won/fastcam_ws/install/mybot_simulation/share/mybot_simulation/local_setup.dsv
[1.439s] -- Symlinking: /home/won/fastcam_ws/install/mybot_simulation/share/mybot_simulation/package.dsv
[1.444s] -- Symlinking: /home/won/fastcam_ws/install/mybot_simulation/share/ament_index/resource_index/packages/mybot_simulation
[1.450s] -- Symlinking: /home/won/fastcam_ws/install/mybot_simulation/share/mybot_simulation/cmake/mybot_simulationConfig.cmake
[1.456s] -- Symlinking: /home/won/fastcam_ws/install/mybot_simulation/share/mybot_simulation/cmake/mybot_simulationConfig-version.cmake
[1.462s] -- Symlinking: /home/won/fastcam_ws/install/mybot_simulation/share/mybot_simulation/package.xml
[1.469s] Invoked command in '/home/won/fastcam_ws/build/mybot_simulation' returned '0': CMAKE_PREFIX_PATH=${CMAKE_PREFIX_PATH}:/opt/ros/humble /usr/bin/cmake --install /home/won/fastcam_ws/build/mybot_simulation
