[0.059s] DEBUG:colcon:Command line arguments: ['/usr/bin/colcon', 'build', '--symlink-install']
[0.059s] DEBUG:colcon:Parsed command line arguments: Namespace(log_base=None, log_level=None, verb_name='build', build_base='build', install_base='install', merge_install=False, symlink_install=True, test_result_base=None, continue_on_error=False, executor='parallel', parallel_workers=16, event_handlers=None, ignore_user_meta=False, metas=['./colcon.meta'], base_paths=['.'], packages_ignore=None, packages_ignore_regex=None, paths=None, packages_up_to=None, packages_up_to_regex=None, packages_above=None, packages_above_and_dependencies=None, packages_above_depth=None, packages_select_by_dep=None, packages_skip_by_dep=None, packages_skip_up_to=None, packages_select_build_failed=False, packages_skip_build_finished=False, packages_select_test_failures=False, packages_skip_test_passed=False, packages_select=None, packages_skip=None, packages_select_regex=None, packages_skip_regex=None, packages_start=None, packages_end=None, allow_overriding=[], cmake_args=None, cmake_target=None, cmake_target_skip_unavailable=False, cmake_clean_cache=False, cmake_clean_first=False, cmake_force_configure=False, ament_cmake_args=None, catkin_cmake_args=None, catkin_skip_building_tests=False, mixin_files=None, mixin=None, verb_parser=<colcon_mixin.mixin.mixin_argument.MixinArgumentDecorator object at 0x7a1134f0ada0>, verb_extension=<colcon_core.verb.build.BuildVerb object at 0x7a1134f0a8f0>, main=<bound method BuildVerb.main of <colcon_core.verb.build.BuildVerb object at 0x7a1134f0a8f0>>, mixin_verb=('build',))
[0.153s] Level 1:colcon.colcon_core.package_discovery:discover_packages(colcon_meta) check parameters
[0.153s] Level 1:colcon.colcon_core.package_discovery:discover_packages(recursive) check parameters
[0.153s] Level 1:colcon.colcon_core.package_discovery:discover_packages(ignore) check parameters
[0.153s] Level 1:colcon.colcon_core.package_discovery:discover_packages(path) check parameters
[0.153s] Level 1:colcon.colcon_core.package_discovery:discover_packages(colcon_meta) discover
[0.153s] Level 1:colcon.colcon_core.package_discovery:discover_packages(recursive) discover
[0.153s] INFO:colcon.colcon_core.package_discovery:Crawling recursively for packages in '/home/won/fastcam_ws'
[0.153s] Level 1:colcon.colcon_core.package_identification:_identify(.) by extensions ['ignore', 'ignore_ament_install']
[0.153s] Level 1:colcon.colcon_core.package_identification:_identify(.) by extension 'ignore'
[0.153s] Level 1:colcon.colcon_core.package_identification:_identify(.) by extension 'ignore_ament_install'
[0.153s] Level 1:colcon.colcon_core.package_identification:_identify(.) by extensions ['colcon_pkg']
[0.153s] Level 1:colcon.colcon_core.package_identification:_identify(.) by extension 'colcon_pkg'
[0.154s] Level 1:colcon.colcon_core.package_identification:_identify(.) by extensions ['colcon_meta']
[0.154s] Level 1:colcon.colcon_core.package_identification:_identify(.) by extension 'colcon_meta'
[0.154s] Level 1:colcon.colcon_core.package_identification:_identify(.) by extensions ['ros']
[0.154s] Level 1:colcon.colcon_core.package_identification:_identify(.) by extension 'ros'
[0.163s] Level 1:colcon.colcon_core.package_identification:_identify(.) by extensions ['cmake', 'python']
[0.163s] Level 1:colcon.colcon_core.package_identification:_identify(.) by extension 'cmake'
[0.163s] Level 1:colcon.colcon_core.package_identification:_identify(.) by extension 'python'
[0.163s] Level 1:colcon.colcon_core.package_identification:_identify(.) by extensions ['python_setup_py']
[0.163s] Level 1:colcon.colcon_core.package_identification:_identify(.) by extension 'python_setup_py'
[0.163s] Level 1:colcon.colcon_core.package_identification:_identify(build) by extensions ['ignore', 'ignore_ament_install']
[0.163s] Level 1:colcon.colcon_core.package_identification:_identify(build) by extension 'ignore'
[0.163s] Level 1:colcon.colcon_core.package_identification:_identify(build) ignored
[0.163s] Level 1:colcon.colcon_core.package_identification:_identify(install) by extensions ['ignore', 'ignore_ament_install']
[0.163s] Level 1:colcon.colcon_core.package_identification:_identify(install) by extension 'ignore'
[0.163s] Level 1:colcon.colcon_core.package_identification:_identify(install) ignored
[0.163s] Level 1:colcon.colcon_core.package_identification:_identify(log) by extensions ['ignore', 'ignore_ament_install']
[0.163s] Level 1:colcon.colcon_core.package_identification:_identify(log) by extension 'ignore'
[0.163s] Level 1:colcon.colcon_core.package_identification:_identify(log) ignored
[0.163s] Level 1:colcon.colcon_core.package_identification:_identify(src) by extensions ['ignore', 'ignore_ament_install']
[0.163s] Level 1:colcon.colcon_core.package_identification:_identify(src) by extension 'ignore'
[0.163s] Level 1:colcon.colcon_core.package_identification:_identify(src) by extension 'ignore_ament_install'
[0.163s] Level 1:colcon.colcon_core.package_identification:_identify(src) by extensions ['colcon_pkg']
[0.163s] Level 1:colcon.colcon_core.package_identification:_identify(src) by extension 'colcon_pkg'
[0.163s] Level 1:colcon.colcon_core.package_identification:_identify(src) by extensions ['colcon_meta']
[0.163s] Level 1:colcon.colcon_core.package_identification:_identify(src) by extension 'colcon_meta'
[0.163s] Level 1:colcon.colcon_core.package_identification:_identify(src) by extensions ['ros']
[0.163s] Level 1:colcon.colcon_core.package_identification:_identify(src) by extension 'ros'
[0.163s] Level 1:colcon.colcon_core.package_identification:_identify(src) by extensions ['cmake', 'python']
[0.163s] Level 1:colcon.colcon_core.package_identification:_identify(src) by extension 'cmake'
[0.163s] Level 1:colcon.colcon_core.package_identification:_identify(src) by extension 'python'
[0.163s] Level 1:colcon.colcon_core.package_identification:_identify(src) by extensions ['python_setup_py']
[0.163s] Level 1:colcon.colcon_core.package_identification:_identify(src) by extension 'python_setup_py'
[0.164s] Level 1:colcon.colcon_core.package_identification:_identify(src/aws-robomaker-small-house-world) by extensions ['ignore', 'ignore_ament_install']
[0.164s] Level 1:colcon.colcon_core.package_identification:_identify(src/aws-robomaker-small-house-world) by extension 'ignore'
[0.164s] Level 1:colcon.colcon_core.package_identification:_identify(src/aws-robomaker-small-house-world) by extension 'ignore_ament_install'
[0.164s] Level 1:colcon.colcon_core.package_identification:_identify(src/aws-robomaker-small-house-world) by extensions ['colcon_pkg']
[0.164s] Level 1:colcon.colcon_core.package_identification:_identify(src/aws-robomaker-small-house-world) by extension 'colcon_pkg'
[0.164s] Level 1:colcon.colcon_core.package_identification:_identify(src/aws-robomaker-small-house-world) by extensions ['colcon_meta']
[0.164s] Level 1:colcon.colcon_core.package_identification:_identify(src/aws-robomaker-small-house-world) by extension 'colcon_meta'
[0.164s] Level 1:colcon.colcon_core.package_identification:_identify(src/aws-robomaker-small-house-world) by extensions ['ros']
[0.164s] Level 1:colcon.colcon_core.package_identification:_identify(src/aws-robomaker-small-house-world) by extension 'ros'
[0.165s] DEBUG:colcon.colcon_core.package_identification:Package 'src/aws-robomaker-small-house-world' with type 'ros.ament_cmake' and name 'aws_robomaker_small_house_world'
[0.165s] Level 1:colcon.colcon_core.package_identification:_identify(src/cybertruck_description) by extensions ['ignore', 'ignore_ament_install']
[0.165s] Level 1:colcon.colcon_core.package_identification:_identify(src/cybertruck_description) by extension 'ignore'
[0.165s] Level 1:colcon.colcon_core.package_identification:_identify(src/cybertruck_description) by extension 'ignore_ament_install'
[0.165s] Level 1:colcon.colcon_core.package_identification:_identify(src/cybertruck_description) by extensions ['colcon_pkg']
[0.165s] Level 1:colcon.colcon_core.package_identification:_identify(src/cybertruck_description) by extension 'colcon_pkg'
[0.165s] Level 1:colcon.colcon_core.package_identification:_identify(src/cybertruck_description) by extensions ['colcon_meta']
[0.165s] Level 1:colcon.colcon_core.package_identification:_identify(src/cybertruck_description) by extension 'colcon_meta'
[0.165s] Level 1:colcon.colcon_core.package_identification:_identify(src/cybertruck_description) by extensions ['ros']
[0.165s] Level 1:colcon.colcon_core.package_identification:_identify(src/cybertruck_description) by extension 'ros'
[0.166s] DEBUG:colcon.colcon_core.package_identification:Package 'src/cybertruck_description' with type 'ros.ament_cmake' and name 'cybertruck_description'
[0.166s] Level 1:colcon.colcon_core.package_identification:_identify(src/my_box_bot_description) by extensions ['ignore', 'ignore_ament_install']
[0.166s] Level 1:colcon.colcon_core.package_identification:_identify(src/my_box_bot_description) by extension 'ignore'
[0.166s] Level 1:colcon.colcon_core.package_identification:_identify(src/my_box_bot_description) by extension 'ignore_ament_install'
[0.166s] Level 1:colcon.colcon_core.package_identification:_identify(src/my_box_bot_description) by extensions ['colcon_pkg']
[0.166s] Level 1:colcon.colcon_core.package_identification:_identify(src/my_box_bot_description) by extension 'colcon_pkg'
[0.166s] Level 1:colcon.colcon_core.package_identification:_identify(src/my_box_bot_description) by extensions ['colcon_meta']
[0.166s] Level 1:colcon.colcon_core.package_identification:_identify(src/my_box_bot_description) by extension 'colcon_meta'
[0.166s] Level 1:colcon.colcon_core.package_identification:_identify(src/my_box_bot_description) by extensions ['ros']
[0.166s] Level 1:colcon.colcon_core.package_identification:_identify(src/my_box_bot_description) by extension 'ros'
[0.166s] DEBUG:colcon.colcon_core.package_identification:Package 'src/my_box_bot_description' with type 'ros.ament_cmake' and name 'my_box_bot_description'
[0.166s] Level 1:colcon.colcon_core.package_identification:_identify(src/my_box_bot_gazebo) by extensions ['ignore', 'ignore_ament_install']
[0.166s] Level 1:colcon.colcon_core.package_identification:_identify(src/my_box_bot_gazebo) by extension 'ignore'
[0.166s] Level 1:colcon.colcon_core.package_identification:_identify(src/my_box_bot_gazebo) by extension 'ignore_ament_install'
[0.166s] Level 1:colcon.colcon_core.package_identification:_identify(src/my_box_bot_gazebo) by extensions ['colcon_pkg']
[0.166s] Level 1:colcon.colcon_core.package_identification:_identify(src/my_box_bot_gazebo) by extension 'colcon_pkg'
[0.166s] Level 1:colcon.colcon_core.package_identification:_identify(src/my_box_bot_gazebo) by extensions ['colcon_meta']
[0.166s] Level 1:colcon.colcon_core.package_identification:_identify(src/my_box_bot_gazebo) by extension 'colcon_meta'
[0.166s] Level 1:colcon.colcon_core.package_identification:_identify(src/my_box_bot_gazebo) by extensions ['ros']
[0.166s] Level 1:colcon.colcon_core.package_identification:_identify(src/my_box_bot_gazebo) by extension 'ros'
[0.166s] Level 1:colcon.colcon_core.package_identification:_identify(src/my_box_bot_gazebo) by extensions ['cmake', 'python']
[0.167s] Level 1:colcon.colcon_core.package_identification:_identify(src/my_box_bot_gazebo) by extension 'cmake'
[0.167s] Level 1:colcon.colcon_core.package_identification:_identify(src/my_box_bot_gazebo) by extension 'python'
[0.167s] Level 1:colcon.colcon_core.package_identification:_identify(src/my_box_bot_gazebo) by extensions ['python_setup_py']
[0.167s] Level 1:colcon.colcon_core.package_identification:_identify(src/my_box_bot_gazebo) by extension 'python_setup_py'
[0.167s] Level 1:colcon.colcon_core.package_identification:_identify(src/mybot_description) by extensions ['ignore', 'ignore_ament_install']
[0.167s] Level 1:colcon.colcon_core.package_identification:_identify(src/mybot_description) by extension 'ignore'
[0.167s] Level 1:colcon.colcon_core.package_identification:_identify(src/mybot_description) by extension 'ignore_ament_install'
[0.167s] Level 1:colcon.colcon_core.package_identification:_identify(src/mybot_description) by extensions ['colcon_pkg']
[0.167s] Level 1:colcon.colcon_core.package_identification:_identify(src/mybot_description) by extension 'colcon_pkg'
[0.167s] Level 1:colcon.colcon_core.package_identification:_identify(src/mybot_description) by extensions ['colcon_meta']
[0.167s] Level 1:colcon.colcon_core.package_identification:_identify(src/mybot_description) by extension 'colcon_meta'
[0.167s] Level 1:colcon.colcon_core.package_identification:_identify(src/mybot_description) by extensions ['ros']
[0.167s] Level 1:colcon.colcon_core.package_identification:_identify(src/mybot_description) by extension 'ros'
[0.167s] DEBUG:colcon.colcon_core.package_identification:Package 'src/mybot_description' with type 'ros.ament_cmake' and name 'mybot_description'
[0.167s] Level 1:colcon.colcon_core.package_identification:_identify(src/mybot_simulation) by extensions ['ignore', 'ignore_ament_install']
[0.167s] Level 1:colcon.colcon_core.package_identification:_identify(src/mybot_simulation) by extension 'ignore'
[0.167s] Level 1:colcon.colcon_core.package_identification:_identify(src/mybot_simulation) by extension 'ignore_ament_install'
[0.167s] Level 1:colcon.colcon_core.package_identification:_identify(src/mybot_simulation) by extensions ['colcon_pkg']
[0.167s] Level 1:colcon.colcon_core.package_identification:_identify(src/mybot_simulation) by extension 'colcon_pkg'
[0.167s] Level 1:colcon.colcon_core.package_identification:_identify(src/mybot_simulation) by extensions ['colcon_meta']
[0.167s] Level 1:colcon.colcon_core.package_identification:_identify(src/mybot_simulation) by extension 'colcon_meta'
[0.167s] Level 1:colcon.colcon_core.package_identification:_identify(src/mybot_simulation) by extensions ['ros']
[0.167s] Level 1:colcon.colcon_core.package_identification:_identify(src/mybot_simulation) by extension 'ros'
[0.168s] DEBUG:colcon.colcon_core.package_identification:Package 'src/mybot_simulation' with type 'ros.ament_cmake' and name 'mybot_simulation'
[0.168s] Level 1:colcon.colcon_core.package_discovery:discover_packages(recursive) using defaults
[0.168s] Level 1:colcon.colcon_core.package_discovery:discover_packages(ignore) discover
[0.168s] Level 1:colcon.colcon_core.package_discovery:discover_packages(ignore) using defaults
[0.168s] Level 1:colcon.colcon_core.package_discovery:discover_packages(path) discover
[0.168s] Level 1:colcon.colcon_core.package_discovery:discover_packages(path) using defaults
[0.178s] Level 1:colcon.colcon_core.package_discovery:discover_packages(prefix_path) check parameters
[0.178s] Level 1:colcon.colcon_core.package_discovery:discover_packages(prefix_path) discover
[0.179s] WARNING:colcon.colcon_ros.prefix_path.ament:The path '/home/won/fastcam_ws/install/mybot_simulation' in the environment variable AMENT_PREFIX_PATH doesn't exist
[0.179s] WARNING:colcon.colcon_ros.prefix_path.ament:The path '/home/won/fastcam_ws/install/my_box_bot_gazebo' in the environment variable AMENT_PREFIX_PATH doesn't exist
[0.179s] WARNING:colcon.colcon_ros.prefix_path.ament:The path '/home/won/fastcam_ws/install/my_box_bot_description' in the environment variable AMENT_PREFIX_PATH doesn't exist
[0.179s] WARNING:colcon.colcon_ros.prefix_path.ament:The path '/home/won/fastcam_ws/install/mybot_description' in the environment variable AMENT_PREFIX_PATH doesn't exist
[0.179s] WARNING:colcon.colcon_ros.prefix_path.ament:The path '/home/won/fastcam_ws/install/cybertruck_description' in the environment variable AMENT_PREFIX_PATH doesn't exist
[0.179s] WARNING:colcon.colcon_ros.prefix_path.catkin:The path '/home/won/fastcam_ws/install/mybot_simulation' in the environment variable CMAKE_PREFIX_PATH doesn't exist
[0.179s] WARNING:colcon.colcon_ros.prefix_path.catkin:The path '/home/won/fastcam_ws/install/my_box_bot_gazebo' in the environment variable CMAKE_PREFIX_PATH doesn't exist
[0.179s] WARNING:colcon.colcon_ros.prefix_path.catkin:The path '/home/won/fastcam_ws/install/my_box_bot_description' in the environment variable CMAKE_PREFIX_PATH doesn't exist
[0.179s] WARNING:colcon.colcon_ros.prefix_path.catkin:The path '/home/won/fastcam_ws/install/mybot_description' in the environment variable CMAKE_PREFIX_PATH doesn't exist
[0.179s] WARNING:colcon.colcon_ros.prefix_path.catkin:The path '/home/won/fastcam_ws/install/cybertruck_description' in the environment variable CMAKE_PREFIX_PATH doesn't exist
[0.180s] DEBUG:colcon.colcon_installed_package_information.package_discovery:Found 1 installed packages in /home/won/fastcam_ws/install
[0.181s] DEBUG:colcon.colcon_installed_package_information.package_discovery:Found 345 installed packages in /opt/ros/humble
[0.182s] Level 1:colcon.colcon_core.package_discovery:discover_packages(prefix_path) using defaults
[0.206s] Level 5:colcon.colcon_core.verb:set package 'aws_robomaker_small_house_world' build argument 'cmake_args' from command line to 'None'
[0.206s] Level 5:colcon.colcon_core.verb:set package 'aws_robomaker_small_house_world' build argument 'cmake_target' from command line to 'None'
[0.206s] Level 5:colcon.colcon_core.verb:set package 'aws_robomaker_small_house_world' build argument 'cmake_target_skip_unavailable' from command line to 'False'
[0.206s] Level 5:colcon.colcon_core.verb:set package 'aws_robomaker_small_house_world' build argument 'cmake_clean_cache' from command line to 'False'
[0.206s] Level 5:colcon.colcon_core.verb:set package 'aws_robomaker_small_house_world' build argument 'cmake_clean_first' from command line to 'False'
[0.206s] Level 5:colcon.colcon_core.verb:set package 'aws_robomaker_small_house_world' build argument 'cmake_force_configure' from command line to 'False'
[0.206s] Level 5:colcon.colcon_core.verb:set package 'aws_robomaker_small_house_world' build argument 'ament_cmake_args' from command line to 'None'
[0.206s] Level 5:colcon.colcon_core.verb:set package 'aws_robomaker_small_house_world' build argument 'catkin_cmake_args' from command line to 'None'
[0.206s] Level 5:colcon.colcon_core.verb:set package 'aws_robomaker_small_house_world' build argument 'catkin_skip_building_tests' from command line to 'False'
[0.206s] DEBUG:colcon.colcon_core.verb:Building package 'aws_robomaker_small_house_world' with the following arguments: {'ament_cmake_args': None, 'build_base': '/home/won/fastcam_ws/build/aws_robomaker_small_house_world', 'catkin_cmake_args': None, 'catkin_skip_building_tests': False, 'cmake_args': None, 'cmake_clean_cache': False, 'cmake_clean_first': False, 'cmake_force_configure': False, 'cmake_target': None, 'cmake_target_skip_unavailable': False, 'install_base': '/home/won/fastcam_ws/install/aws_robomaker_small_house_world', 'merge_install': False, 'path': '/home/won/fastcam_ws/src/aws-robomaker-small-house-world', 'symlink_install': True, 'test_result_base': None}
[0.206s] Level 5:colcon.colcon_core.verb:set package 'cybertruck_description' build argument 'cmake_args' from command line to 'None'
[0.206s] Level 5:colcon.colcon_core.verb:set package 'cybertruck_description' build argument 'cmake_target' from command line to 'None'
[0.206s] Level 5:colcon.colcon_core.verb:set package 'cybertruck_description' build argument 'cmake_target_skip_unavailable' from command line to 'False'
[0.206s] Level 5:colcon.colcon_core.verb:set package 'cybertruck_description' build argument 'cmake_clean_cache' from command line to 'False'
[0.206s] Level 5:colcon.colcon_core.verb:set package 'cybertruck_description' build argument 'cmake_clean_first' from command line to 'False'
[0.206s] Level 5:colcon.colcon_core.verb:set package 'cybertruck_description' build argument 'cmake_force_configure' from command line to 'False'
[0.206s] Level 5:colcon.colcon_core.verb:set package 'cybertruck_description' build argument 'ament_cmake_args' from command line to 'None'
[0.206s] Level 5:colcon.colcon_core.verb:set package 'cybertruck_description' build argument 'catkin_cmake_args' from command line to 'None'
[0.206s] Level 5:colcon.colcon_core.verb:set package 'cybertruck_description' build argument 'catkin_skip_building_tests' from command line to 'False'
[0.206s] DEBUG:colcon.colcon_core.verb:Building package 'cybertruck_description' with the following arguments: {'ament_cmake_args': None, 'build_base': '/home/won/fastcam_ws/build/cybertruck_description', 'catkin_cmake_args': None, 'catkin_skip_building_tests': False, 'cmake_args': None, 'cmake_clean_cache': False, 'cmake_clean_first': False, 'cmake_force_configure': False, 'cmake_target': None, 'cmake_target_skip_unavailable': False, 'install_base': '/home/won/fastcam_ws/install/cybertruck_description', 'merge_install': False, 'path': '/home/won/fastcam_ws/src/cybertruck_description', 'symlink_install': True, 'test_result_base': None}
[0.206s] Level 5:colcon.colcon_core.verb:set package 'my_box_bot_description' build argument 'cmake_args' from command line to 'None'
[0.206s] Level 5:colcon.colcon_core.verb:set package 'my_box_bot_description' build argument 'cmake_target' from command line to 'None'
[0.207s] Level 5:colcon.colcon_core.verb:set package 'my_box_bot_description' build argument 'cmake_target_skip_unavailable' from command line to 'False'
[0.207s] Level 5:colcon.colcon_core.verb:set package 'my_box_bot_description' build argument 'cmake_clean_cache' from command line to 'False'
[0.207s] Level 5:colcon.colcon_core.verb:set package 'my_box_bot_description' build argument 'cmake_clean_first' from command line to 'False'
[0.207s] Level 5:colcon.colcon_core.verb:set package 'my_box_bot_description' build argument 'cmake_force_configure' from command line to 'False'
[0.207s] Level 5:colcon.colcon_core.verb:set package 'my_box_bot_description' build argument 'ament_cmake_args' from command line to 'None'
[0.207s] Level 5:colcon.colcon_core.verb:set package 'my_box_bot_description' build argument 'catkin_cmake_args' from command line to 'None'
[0.207s] Level 5:colcon.colcon_core.verb:set package 'my_box_bot_description' build argument 'catkin_skip_building_tests' from command line to 'False'
[0.207s] DEBUG:colcon.colcon_core.verb:Building package 'my_box_bot_description' with the following arguments: {'ament_cmake_args': None, 'build_base': '/home/won/fastcam_ws/build/my_box_bot_description', 'catkin_cmake_args': None, 'catkin_skip_building_tests': False, 'cmake_args': None, 'cmake_clean_cache': False, 'cmake_clean_first': False, 'cmake_force_configure': False, 'cmake_target': None, 'cmake_target_skip_unavailable': False, 'install_base': '/home/won/fastcam_ws/install/my_box_bot_description', 'merge_install': False, 'path': '/home/won/fastcam_ws/src/my_box_bot_description', 'symlink_install': True, 'test_result_base': None}
[0.207s] Level 5:colcon.colcon_core.verb:set package 'mybot_description' build argument 'cmake_args' from command line to 'None'
[0.207s] Level 5:colcon.colcon_core.verb:set package 'mybot_description' build argument 'cmake_target' from command line to 'None'
[0.207s] Level 5:colcon.colcon_core.verb:set package 'mybot_description' build argument 'cmake_target_skip_unavailable' from command line to 'False'
[0.207s] Level 5:colcon.colcon_core.verb:set package 'mybot_description' build argument 'cmake_clean_cache' from command line to 'False'
[0.207s] Level 5:colcon.colcon_core.verb:set package 'mybot_description' build argument 'cmake_clean_first' from command line to 'False'
[0.207s] Level 5:colcon.colcon_core.verb:set package 'mybot_description' build argument 'cmake_force_configure' from command line to 'False'
[0.207s] Level 5:colcon.colcon_core.verb:set package 'mybot_description' build argument 'ament_cmake_args' from command line to 'None'
[0.207s] Level 5:colcon.colcon_core.verb:set package 'mybot_description' build argument 'catkin_cmake_args' from command line to 'None'
[0.207s] Level 5:colcon.colcon_core.verb:set package 'mybot_description' build argument 'catkin_skip_building_tests' from command line to 'False'
[0.207s] DEBUG:colcon.colcon_core.verb:Building package 'mybot_description' with the following arguments: {'ament_cmake_args': None, 'build_base': '/home/won/fastcam_ws/build/mybot_description', 'catkin_cmake_args': None, 'catkin_skip_building_tests': False, 'cmake_args': None, 'cmake_clean_cache': False, 'cmake_clean_first': False, 'cmake_force_configure': False, 'cmake_target': None, 'cmake_target_skip_unavailable': False, 'install_base': '/home/won/fastcam_ws/install/mybot_description', 'merge_install': False, 'path': '/home/won/fastcam_ws/src/mybot_description', 'symlink_install': True, 'test_result_base': None}
[0.207s] Level 5:colcon.colcon_core.verb:set package 'mybot_simulation' build argument 'cmake_args' from command line to 'None'
[0.207s] Level 5:colcon.colcon_core.verb:set package 'mybot_simulation' build argument 'cmake_target' from command line to 'None'
[0.207s] Level 5:colcon.colcon_core.verb:set package 'mybot_simulation' build argument 'cmake_target_skip_unavailable' from command line to 'False'
[0.207s] Level 5:colcon.colcon_core.verb:set package 'mybot_simulation' build argument 'cmake_clean_cache' from command line to 'False'
[0.207s] Level 5:colcon.colcon_core.verb:set package 'mybot_simulation' build argument 'cmake_clean_first' from command line to 'False'
[0.207s] Level 5:colcon.colcon_core.verb:set package 'mybot_simulation' build argument 'cmake_force_configure' from command line to 'False'
[0.207s] Level 5:colcon.colcon_core.verb:set package 'mybot_simulation' build argument 'ament_cmake_args' from command line to 'None'
[0.207s] Level 5:colcon.colcon_core.verb:set package 'mybot_simulation' build argument 'catkin_cmake_args' from command line to 'None'
[0.207s] Level 5:colcon.colcon_core.verb:set package 'mybot_simulation' build argument 'catkin_skip_building_tests' from command line to 'False'
[0.207s] DEBUG:colcon.colcon_core.verb:Building package 'mybot_simulation' with the following arguments: {'ament_cmake_args': None, 'build_base': '/home/won/fastcam_ws/build/mybot_simulation', 'catkin_cmake_args': None, 'catkin_skip_building_tests': False, 'cmake_args': None, 'cmake_clean_cache': False, 'cmake_clean_first': False, 'cmake_force_configure': False, 'cmake_target': None, 'cmake_target_skip_unavailable': False, 'install_base': '/home/won/fastcam_ws/install/mybot_simulation', 'merge_install': False, 'path': '/home/won/fastcam_ws/src/mybot_simulation', 'symlink_install': True, 'test_result_base': None}
[0.207s] INFO:colcon.colcon_core.executor:Executing jobs using 'parallel' executor
[0.208s] DEBUG:colcon.colcon_parallel_executor.executor.parallel:run_until_complete
[0.208s] INFO:colcon.colcon_ros.task.ament_cmake.build:Building ROS package in '/home/won/fastcam_ws/src/aws-robomaker-small-house-world' with build type 'ament_cmake'
[0.208s] INFO:colcon.colcon_cmake.task.cmake.build:Building CMake package in '/home/won/fastcam_ws/src/aws-robomaker-small-house-world'
[0.209s] INFO:colcon.colcon_core.plugin_system:Skipping extension 'colcon_core.shell.bat': Not used on non-Windows systems
[0.209s] INFO:colcon.colcon_core.shell:Skip shell extension 'powershell' for command environment: Not usable outside of PowerShell
[0.209s] DEBUG:colcon.colcon_core.shell:Skip shell extension 'dsv' for command environment
[0.211s] INFO:colcon.colcon_ros.task.ament_cmake.build:Building ROS package in '/home/won/fastcam_ws/src/cybertruck_description' with build type 'ament_cmake'
[0.211s] INFO:colcon.colcon_cmake.task.cmake.build:Building CMake package in '/home/won/fastcam_ws/src/cybertruck_description'
[0.211s] INFO:colcon.colcon_core.shell:Skip shell extension 'powershell' for command environment: Not usable outside of PowerShell
[0.211s] DEBUG:colcon.colcon_core.shell:Skip shell extension 'dsv' for command environment
[0.213s] INFO:colcon.colcon_ros.task.ament_cmake.build:Building ROS package in '/home/won/fastcam_ws/src/my_box_bot_description' with build type 'ament_cmake'
[0.213s] INFO:colcon.colcon_cmake.task.cmake.build:Building CMake package in '/home/won/fastcam_ws/src/my_box_bot_description'
[0.213s] INFO:colcon.colcon_core.shell:Skip shell extension 'powershell' for command environment: Not usable outside of PowerShell
[0.213s] DEBUG:colcon.colcon_core.shell:Skip shell extension 'dsv' for command environment
[0.215s] INFO:colcon.colcon_ros.task.ament_cmake.build:Building ROS package in '/home/won/fastcam_ws/src/mybot_description' with build type 'ament_cmake'
[0.215s] INFO:colcon.colcon_cmake.task.cmake.build:Building CMake package in '/home/won/fastcam_ws/src/mybot_description'
[0.216s] INFO:colcon.colcon_core.shell:Skip shell extension 'powershell' for command environment: Not usable outside of PowerShell
[0.216s] DEBUG:colcon.colcon_core.shell:Skip shell extension 'dsv' for command environment
[0.217s] INFO:colcon.colcon_ros.task.ament_cmake.build:Building ROS package in '/home/won/fastcam_ws/src/mybot_simulation' with build type 'ament_cmake'
[0.218s] INFO:colcon.colcon_cmake.task.cmake.build:Building CMake package in '/home/won/fastcam_ws/src/mybot_simulation'
[0.218s] INFO:colcon.colcon_core.shell:Skip shell extension 'powershell' for command environment: Not usable outside of PowerShell
[0.218s] DEBUG:colcon.colcon_core.shell:Skip shell extension 'dsv' for command environment
[0.222s] DEBUG:colcon.colcon_core.event_handler.log_command:Invoking command in '/home/won/fastcam_ws/build/aws_robomaker_small_house_world': CMAKE_PREFIX_PATH=${CMAKE_PREFIX_PATH}:/opt/ros/humble /usr/bin/cmake --build /home/won/fastcam_ws/build/aws_robomaker_small_house_world -- -j16 -l16
[0.224s] DEBUG:colcon.colcon_core.event_handler.log_command:Invoking command in '/home/won/fastcam_ws/build/cybertruck_description': CMAKE_PREFIX_PATH=${CMAKE_PREFIX_PATH}:/opt/ros/humble /usr/bin/cmake /home/won/fastcam_ws/src/cybertruck_description -DAMENT_CMAKE_SYMLINK_INSTALL=1 -DCMAKE_INSTALL_PREFIX=/home/won/fastcam_ws/install/cybertruck_description
[0.225s] DEBUG:colcon.colcon_core.event_handler.log_command:Invoking command in '/home/won/fastcam_ws/build/my_box_bot_description': CMAKE_PREFIX_PATH=${CMAKE_PREFIX_PATH}:/opt/ros/humble /usr/bin/cmake /home/won/fastcam_ws/src/my_box_bot_description -DAMENT_CMAKE_SYMLINK_INSTALL=1 -DCMAKE_INSTALL_PREFIX=/home/won/fastcam_ws/install/my_box_bot_description
[0.226s] DEBUG:colcon.colcon_core.event_handler.log_command:Invoking command in '/home/won/fastcam_ws/build/mybot_description': CMAKE_PREFIX_PATH=${CMAKE_PREFIX_PATH}:/opt/ros/humble /usr/bin/cmake /home/won/fastcam_ws/src/mybot_description -DAMENT_CMAKE_SYMLINK_INSTALL=1 -DCMAKE_INSTALL_PREFIX=/home/won/fastcam_ws/install/mybot_description
[0.228s] DEBUG:colcon.colcon_core.event_handler.log_command:Invoking command in '/home/won/fastcam_ws/build/mybot_simulation': CMAKE_PREFIX_PATH=${CMAKE_PREFIX_PATH}:/opt/ros/humble /usr/bin/cmake /home/won/fastcam_ws/src/mybot_simulation -DAMENT_CMAKE_SYMLINK_INSTALL=1 -DCMAKE_INSTALL_PREFIX=/home/won/fastcam_ws/install/mybot_simulation
[0.252s] DEBUG:colcon.colcon_core.event_handler.log_command:Invoked command in '/home/won/fastcam_ws/build/aws_robomaker_small_house_world' returned '0': CMAKE_PREFIX_PATH=${CMAKE_PREFIX_PATH}:/opt/ros/humble /usr/bin/cmake --build /home/won/fastcam_ws/build/aws_robomaker_small_house_world -- -j16 -l16
[0.259s] DEBUG:colcon.colcon_core.event_handler.log_command:Invoking command in '/home/won/fastcam_ws/build/aws_robomaker_small_house_world': CMAKE_PREFIX_PATH=${CMAKE_PREFIX_PATH}:/opt/ros/humble /usr/bin/cmake --install /home/won/fastcam_ws/build/aws_robomaker_small_house_world
[0.305s] Level 1:colcon.colcon_core.environment:create_environment_scripts_only(aws_robomaker_small_house_world)
[0.305s] DEBUG:colcon.colcon_core.event_handler.log_command:Invoked command in '/home/won/fastcam_ws/build/aws_robomaker_small_house_world' returned '0': CMAKE_PREFIX_PATH=${CMAKE_PREFIX_PATH}:/opt/ros/humble /usr/bin/cmake --install /home/won/fastcam_ws/build/aws_robomaker_small_house_world
[0.306s] Level 1:colcon.colcon_core.environment:checking '/home/won/fastcam_ws/install/aws_robomaker_small_house_world' for CMake module files
[0.307s] Level 1:colcon.colcon_core.environment:checking '/home/won/fastcam_ws/install/aws_robomaker_small_house_world' for CMake config files
[0.307s] Level 1:colcon.colcon_core.shell:create_environment_hook('aws_robomaker_small_house_world', 'cmake_prefix_path')
[0.307s] INFO:colcon.colcon_core.shell:Creating environment hook '/home/won/fastcam_ws/install/aws_robomaker_small_house_world/share/aws_robomaker_small_house_world/hook/cmake_prefix_path.ps1'
[0.307s] INFO:colcon.colcon_core.shell:Creating environment descriptor '/home/won/fastcam_ws/install/aws_robomaker_small_house_world/share/aws_robomaker_small_house_world/hook/cmake_prefix_path.dsv'
[0.308s] INFO:colcon.colcon_core.shell:Creating environment hook '/home/won/fastcam_ws/install/aws_robomaker_small_house_world/share/aws_robomaker_small_house_world/hook/cmake_prefix_path.sh'
[0.308s] Level 1:colcon.colcon_core.environment:checking '/home/won/fastcam_ws/install/aws_robomaker_small_house_world/bin'
[0.308s] Level 1:colcon.colcon_core.environment:checking '/home/won/fastcam_ws/install/aws_robomaker_small_house_world/lib/pkgconfig/aws_robomaker_small_house_world.pc'
[0.308s] Level 1:colcon.colcon_core.environment:checking '/home/won/fastcam_ws/install/aws_robomaker_small_house_world/lib/python3.10/site-packages'
[0.308s] Level 1:colcon.colcon_core.environment:checking '/home/won/fastcam_ws/install/aws_robomaker_small_house_world/bin'
[0.309s] INFO:colcon.colcon_core.shell:Creating package script '/home/won/fastcam_ws/install/aws_robomaker_small_house_world/share/aws_robomaker_small_house_world/package.ps1'
[0.309s] INFO:colcon.colcon_core.shell:Creating package descriptor '/home/won/fastcam_ws/install/aws_robomaker_small_house_world/share/aws_robomaker_small_house_world/package.dsv'
[0.309s] INFO:colcon.colcon_core.shell:Creating package script '/home/won/fastcam_ws/install/aws_robomaker_small_house_world/share/aws_robomaker_small_house_world/package.sh'
[0.310s] INFO:colcon.colcon_core.shell:Creating package script '/home/won/fastcam_ws/install/aws_robomaker_small_house_world/share/aws_robomaker_small_house_world/package.bash'
[0.310s] INFO:colcon.colcon_core.shell:Creating package script '/home/won/fastcam_ws/install/aws_robomaker_small_house_world/share/aws_robomaker_small_house_world/package.zsh'
[0.310s] Level 1:colcon.colcon_core.environment:create_file_with_runtime_dependencies(/home/won/fastcam_ws/install/aws_robomaker_small_house_world/share/colcon-core/packages/aws_robomaker_small_house_world)
[0.311s] Level 1:colcon.colcon_core.environment:create_environment_scripts_only(aws_robomaker_small_house_world)
[0.311s] Level 1:colcon.colcon_core.environment:checking '/home/won/fastcam_ws/install/aws_robomaker_small_house_world' for CMake module files
[0.311s] Level 1:colcon.colcon_core.environment:checking '/home/won/fastcam_ws/install/aws_robomaker_small_house_world' for CMake config files
[0.311s] Level 1:colcon.colcon_core.shell:create_environment_hook('aws_robomaker_small_house_world', 'cmake_prefix_path')
[0.312s] INFO:colcon.colcon_core.shell:Creating environment hook '/home/won/fastcam_ws/install/aws_robomaker_small_house_world/share/aws_robomaker_small_house_world/hook/cmake_prefix_path.ps1'
[0.312s] INFO:colcon.colcon_core.shell:Creating environment descriptor '/home/won/fastcam_ws/install/aws_robomaker_small_house_world/share/aws_robomaker_small_house_world/hook/cmake_prefix_path.dsv'
[0.312s] INFO:colcon.colcon_core.shell:Creating environment hook '/home/won/fastcam_ws/install/aws_robomaker_small_house_world/share/aws_robomaker_small_house_world/hook/cmake_prefix_path.sh'
[0.312s] Level 1:colcon.colcon_core.environment:checking '/home/won/fastcam_ws/install/aws_robomaker_small_house_world/bin'
[0.312s] Level 1:colcon.colcon_core.environment:checking '/home/won/fastcam_ws/install/aws_robomaker_small_house_world/lib/pkgconfig/aws_robomaker_small_house_world.pc'
[0.312s] Level 1:colcon.colcon_core.environment:checking '/home/won/fastcam_ws/install/aws_robomaker_small_house_world/lib/python3.10/site-packages'
[0.313s] Level 1:colcon.colcon_core.environment:checking '/home/won/fastcam_ws/install/aws_robomaker_small_house_world/bin'
[0.313s] INFO:colcon.colcon_core.shell:Creating package script '/home/won/fastcam_ws/install/aws_robomaker_small_house_world/share/aws_robomaker_small_house_world/package.ps1'
[0.313s] INFO:colcon.colcon_core.shell:Creating package descriptor '/home/won/fastcam_ws/install/aws_robomaker_small_house_world/share/aws_robomaker_small_house_world/package.dsv'
[0.313s] INFO:colcon.colcon_core.shell:Creating package script '/home/won/fastcam_ws/install/aws_robomaker_small_house_world/share/aws_robomaker_small_house_world/package.sh'
[0.313s] INFO:colcon.colcon_core.shell:Creating package script '/home/won/fastcam_ws/install/aws_robomaker_small_house_world/share/aws_robomaker_small_house_world/package.bash'
[0.314s] INFO:colcon.colcon_core.shell:Creating package script '/home/won/fastcam_ws/install/aws_robomaker_small_house_world/share/aws_robomaker_small_house_world/package.zsh'
[0.314s] Level 1:colcon.colcon_core.environment:create_file_with_runtime_dependencies(/home/won/fastcam_ws/install/aws_robomaker_small_house_world/share/colcon-core/packages/aws_robomaker_small_house_world)
[0.635s] DEBUG:colcon.colcon_core.event_handler.log_command:Invoked command in '/home/won/fastcam_ws/build/cybertruck_description' returned '0': CMAKE_PREFIX_PATH=${CMAKE_PREFIX_PATH}:/opt/ros/humble /usr/bin/cmake /home/won/fastcam_ws/src/cybertruck_description -DAMENT_CMAKE_SYMLINK_INSTALL=1 -DCMAKE_INSTALL_PREFIX=/home/won/fastcam_ws/install/cybertruck_description
[0.636s] DEBUG:colcon.colcon_core.event_handler.log_command:Invoking command in '/home/won/fastcam_ws/build/cybertruck_description': CMAKE_PREFIX_PATH=${CMAKE_PREFIX_PATH}:/opt/ros/humble /usr/bin/cmake --build /home/won/fastcam_ws/build/cybertruck_description -- -j16 -l16
[0.644s] DEBUG:colcon.colcon_core.event_handler.log_command:Invoked command in '/home/won/fastcam_ws/build/mybot_description' returned '0': CMAKE_PREFIX_PATH=${CMAKE_PREFIX_PATH}:/opt/ros/humble /usr/bin/cmake /home/won/fastcam_ws/src/mybot_description -DAMENT_CMAKE_SYMLINK_INSTALL=1 -DCMAKE_INSTALL_PREFIX=/home/won/fastcam_ws/install/mybot_description
[0.645s] DEBUG:colcon.colcon_core.event_handler.log_command:Invoking command in '/home/won/fastcam_ws/build/mybot_description': CMAKE_PREFIX_PATH=${CMAKE_PREFIX_PATH}:/opt/ros/humble /usr/bin/cmake --build /home/won/fastcam_ws/build/mybot_description -- -j16 -l16
[0.645s] DEBUG:colcon.colcon_core.event_handler.log_command:Invoked command in '/home/won/fastcam_ws/build/my_box_bot_description' returned '0': CMAKE_PREFIX_PATH=${CMAKE_PREFIX_PATH}:/opt/ros/humble /usr/bin/cmake /home/won/fastcam_ws/src/my_box_bot_description -DAMENT_CMAKE_SYMLINK_INSTALL=1 -DCMAKE_INSTALL_PREFIX=/home/won/fastcam_ws/install/my_box_bot_description
[0.646s] DEBUG:colcon.colcon_core.event_handler.log_command:Invoking command in '/home/won/fastcam_ws/build/my_box_bot_description': CMAKE_PREFIX_PATH=${CMAKE_PREFIX_PATH}:/opt/ros/humble /usr/bin/cmake --build /home/won/fastcam_ws/build/my_box_bot_description -- -j16 -l16
[0.662s] DEBUG:colcon.colcon_core.event_handler.log_command:Invoked command in '/home/won/fastcam_ws/build/cybertruck_description' returned '0': CMAKE_PREFIX_PATH=${CMAKE_PREFIX_PATH}:/opt/ros/humble /usr/bin/cmake --build /home/won/fastcam_ws/build/cybertruck_description -- -j16 -l16
[0.662s] DEBUG:colcon.colcon_core.event_handler.log_command:Invoking command in '/home/won/fastcam_ws/build/cybertruck_description': CMAKE_PREFIX_PATH=${CMAKE_PREFIX_PATH}:/opt/ros/humble /usr/bin/cmake --install /home/won/fastcam_ws/build/cybertruck_description
[0.670s] DEBUG:colcon.colcon_core.event_handler.log_command:Invoked command in '/home/won/fastcam_ws/build/mybot_description' returned '0': CMAKE_PREFIX_PATH=${CMAKE_PREFIX_PATH}:/opt/ros/humble /usr/bin/cmake --build /home/won/fastcam_ws/build/mybot_description -- -j16 -l16
[0.671s] DEBUG:colcon.colcon_core.event_handler.log_command:Invoking command in '/home/won/fastcam_ws/build/mybot_description': CMAKE_PREFIX_PATH=${CMAKE_PREFIX_PATH}:/opt/ros/humble /usr/bin/cmake --install /home/won/fastcam_ws/build/mybot_description
[0.671s] DEBUG:colcon.colcon_core.event_handler.log_command:Invoked command in '/home/won/fastcam_ws/build/my_box_bot_description' returned '0': CMAKE_PREFIX_PATH=${CMAKE_PREFIX_PATH}:/opt/ros/humble /usr/bin/cmake --build /home/won/fastcam_ws/build/my_box_bot_description -- -j16 -l16
[0.672s] DEBUG:colcon.colcon_core.event_handler.log_command:Invoking command in '/home/won/fastcam_ws/build/my_box_bot_description': CMAKE_PREFIX_PATH=${CMAKE_PREFIX_PATH}:/opt/ros/humble /usr/bin/cmake --install /home/won/fastcam_ws/build/my_box_bot_description
[0.793s] Level 1:colcon.colcon_core.environment:create_environment_scripts_only(cybertruck_description)
[0.793s] Level 1:colcon.colcon_core.environment:checking '/home/won/fastcam_ws/install/cybertruck_description' for CMake module files
[0.793s] DEBUG:colcon.colcon_core.event_handler.log_command:Invoked command in '/home/won/fastcam_ws/build/cybertruck_description' returned '0': CMAKE_PREFIX_PATH=${CMAKE_PREFIX_PATH}:/opt/ros/humble /usr/bin/cmake --install /home/won/fastcam_ws/build/cybertruck_description
[0.794s] Level 1:colcon.colcon_core.environment:checking '/home/won/fastcam_ws/install/cybertruck_description' for CMake config files
[0.794s] Level 1:colcon.colcon_core.shell:create_environment_hook('cybertruck_description', 'cmake_prefix_path')
[0.794s] INFO:colcon.colcon_core.shell:Creating environment hook '/home/won/fastcam_ws/install/cybertruck_description/share/cybertruck_description/hook/cmake_prefix_path.ps1'
[0.794s] INFO:colcon.colcon_core.shell:Creating environment descriptor '/home/won/fastcam_ws/install/cybertruck_description/share/cybertruck_description/hook/cmake_prefix_path.dsv'
[0.795s] INFO:colcon.colcon_core.shell:Creating environment hook '/home/won/fastcam_ws/install/cybertruck_description/share/cybertruck_description/hook/cmake_prefix_path.sh'
[0.795s] Level 1:colcon.colcon_core.environment:checking '/home/won/fastcam_ws/install/cybertruck_description/bin'
[0.795s] Level 1:colcon.colcon_core.environment:checking '/home/won/fastcam_ws/install/cybertruck_description/lib/pkgconfig/cybertruck_description.pc'
[0.795s] Level 1:colcon.colcon_core.environment:checking '/home/won/fastcam_ws/install/cybertruck_description/lib/python3.10/site-packages'
[0.796s] Level 1:colcon.colcon_core.environment:checking '/home/won/fastcam_ws/install/cybertruck_description/bin'
[0.796s] INFO:colcon.colcon_core.shell:Creating package script '/home/won/fastcam_ws/install/cybertruck_description/share/cybertruck_description/package.ps1'
[0.796s] INFO:colcon.colcon_core.shell:Creating package descriptor '/home/won/fastcam_ws/install/cybertruck_description/share/cybertruck_description/package.dsv'
[0.796s] INFO:colcon.colcon_core.shell:Creating package script '/home/won/fastcam_ws/install/cybertruck_description/share/cybertruck_description/package.sh'
[0.797s] INFO:colcon.colcon_core.shell:Creating package script '/home/won/fastcam_ws/install/cybertruck_description/share/cybertruck_description/package.bash'
[0.797s] INFO:colcon.colcon_core.shell:Creating package script '/home/won/fastcam_ws/install/cybertruck_description/share/cybertruck_description/package.zsh'
[0.797s] Level 1:colcon.colcon_core.environment:create_file_with_runtime_dependencies(/home/won/fastcam_ws/install/cybertruck_description/share/colcon-core/packages/cybertruck_description)
[0.797s] Level 1:colcon.colcon_core.environment:create_environment_scripts_only(cybertruck_description)
[0.798s] Level 1:colcon.colcon_core.environment:checking '/home/won/fastcam_ws/install/cybertruck_description' for CMake module files
[0.798s] Level 1:colcon.colcon_core.environment:checking '/home/won/fastcam_ws/install/cybertruck_description' for CMake config files
[0.798s] Level 1:colcon.colcon_core.shell:create_environment_hook('cybertruck_description', 'cmake_prefix_path')
[0.798s] INFO:colcon.colcon_core.shell:Creating environment hook '/home/won/fastcam_ws/install/cybertruck_description/share/cybertruck_description/hook/cmake_prefix_path.ps1'
[0.798s] INFO:colcon.colcon_core.shell:Creating environment descriptor '/home/won/fastcam_ws/install/cybertruck_description/share/cybertruck_description/hook/cmake_prefix_path.dsv'
[0.799s] INFO:colcon.colcon_core.shell:Creating environment hook '/home/won/fastcam_ws/install/cybertruck_description/share/cybertruck_description/hook/cmake_prefix_path.sh'
[0.799s] Level 1:colcon.colcon_core.environment:checking '/home/won/fastcam_ws/install/cybertruck_description/bin'
[0.799s] Level 1:colcon.colcon_core.environment:checking '/home/won/fastcam_ws/install/cybertruck_description/lib/pkgconfig/cybertruck_description.pc'
[0.799s] Level 1:colcon.colcon_core.environment:checking '/home/won/fastcam_ws/install/cybertruck_description/lib/python3.10/site-packages'
[0.799s] Level 1:colcon.colcon_core.environment:checking '/home/won/fastcam_ws/install/cybertruck_description/bin'
[0.799s] INFO:colcon.colcon_core.shell:Creating package script '/home/won/fastcam_ws/install/cybertruck_description/share/cybertruck_description/package.ps1'
[0.800s] INFO:colcon.colcon_core.shell:Creating package descriptor '/home/won/fastcam_ws/install/cybertruck_description/share/cybertruck_description/package.dsv'
[0.800s] INFO:colcon.colcon_core.shell:Creating package script '/home/won/fastcam_ws/install/cybertruck_description/share/cybertruck_description/package.sh'
[0.800s] INFO:colcon.colcon_core.shell:Creating package script '/home/won/fastcam_ws/install/cybertruck_description/share/cybertruck_description/package.bash'
[0.800s] INFO:colcon.colcon_core.shell:Creating package script '/home/won/fastcam_ws/install/cybertruck_description/share/cybertruck_description/package.zsh'
[0.800s] Level 1:colcon.colcon_core.environment:create_file_with_runtime_dependencies(/home/won/fastcam_ws/install/cybertruck_description/share/colcon-core/packages/cybertruck_description)
[0.801s] Level 1:colcon.colcon_core.environment:create_environment_scripts_only(mybot_description)
[0.801s] Level 1:colcon.colcon_core.environment:checking '/home/won/fastcam_ws/install/mybot_description' for CMake module files
[0.801s] DEBUG:colcon.colcon_core.event_handler.log_command:Invoked command in '/home/won/fastcam_ws/build/mybot_description' returned '0': CMAKE_PREFIX_PATH=${CMAKE_PREFIX_PATH}:/opt/ros/humble /usr/bin/cmake --install /home/won/fastcam_ws/build/mybot_description
[0.802s] Level 1:colcon.colcon_core.environment:checking '/home/won/fastcam_ws/install/mybot_description' for CMake config files
[0.802s] Level 1:colcon.colcon_core.shell:create_environment_hook('mybot_description', 'cmake_prefix_path')
[0.802s] INFO:colcon.colcon_core.shell:Creating environment hook '/home/won/fastcam_ws/install/mybot_description/share/mybot_description/hook/cmake_prefix_path.ps1'
[0.802s] INFO:colcon.colcon_core.shell:Creating environment descriptor '/home/won/fastcam_ws/install/mybot_description/share/mybot_description/hook/cmake_prefix_path.dsv'
[0.802s] INFO:colcon.colcon_core.shell:Creating environment hook '/home/won/fastcam_ws/install/mybot_description/share/mybot_description/hook/cmake_prefix_path.sh'
[0.803s] Level 1:colcon.colcon_core.environment:checking '/home/won/fastcam_ws/install/mybot_description/bin'
[0.803s] Level 1:colcon.colcon_core.environment:checking '/home/won/fastcam_ws/install/mybot_description/lib/pkgconfig/mybot_description.pc'
[0.803s] Level 1:colcon.colcon_core.environment:checking '/home/won/fastcam_ws/install/mybot_description/lib/python3.10/site-packages'
[0.803s] Level 1:colcon.colcon_core.environment:checking '/home/won/fastcam_ws/install/mybot_description/bin'
[0.803s] INFO:colcon.colcon_core.shell:Creating package script '/home/won/fastcam_ws/install/mybot_description/share/mybot_description/package.ps1'
[0.803s] INFO:colcon.colcon_core.shell:Creating package descriptor '/home/won/fastcam_ws/install/mybot_description/share/mybot_description/package.dsv'
[0.803s] INFO:colcon.colcon_core.shell:Creating package script '/home/won/fastcam_ws/install/mybot_description/share/mybot_description/package.sh'
[0.804s] INFO:colcon.colcon_core.shell:Creating package script '/home/won/fastcam_ws/install/mybot_description/share/mybot_description/package.bash'
[0.804s] INFO:colcon.colcon_core.shell:Creating package script '/home/won/fastcam_ws/install/mybot_description/share/mybot_description/package.zsh'
[0.804s] Level 1:colcon.colcon_core.environment:create_file_with_runtime_dependencies(/home/won/fastcam_ws/install/mybot_description/share/colcon-core/packages/mybot_description)
[0.804s] Level 1:colcon.colcon_core.environment:create_environment_scripts_only(mybot_description)
[0.804s] Level 1:colcon.colcon_core.environment:checking '/home/won/fastcam_ws/install/mybot_description' for CMake module files
[0.804s] Level 1:colcon.colcon_core.environment:checking '/home/won/fastcam_ws/install/mybot_description' for CMake config files
[0.805s] Level 1:colcon.colcon_core.shell:create_environment_hook('mybot_description', 'cmake_prefix_path')
[0.805s] INFO:colcon.colcon_core.shell:Creating environment hook '/home/won/fastcam_ws/install/mybot_description/share/mybot_description/hook/cmake_prefix_path.ps1'
[0.805s] INFO:colcon.colcon_core.shell:Creating environment descriptor '/home/won/fastcam_ws/install/mybot_description/share/mybot_description/hook/cmake_prefix_path.dsv'
[0.805s] INFO:colcon.colcon_core.shell:Creating environment hook '/home/won/fastcam_ws/install/mybot_description/share/mybot_description/hook/cmake_prefix_path.sh'
[0.805s] Level 1:colcon.colcon_core.environment:checking '/home/won/fastcam_ws/install/mybot_description/bin'
[0.805s] Level 1:colcon.colcon_core.environment:checking '/home/won/fastcam_ws/install/mybot_description/lib/pkgconfig/mybot_description.pc'
[0.805s] Level 1:colcon.colcon_core.environment:checking '/home/won/fastcam_ws/install/mybot_description/lib/python3.10/site-packages'
[0.806s] Level 1:colcon.colcon_core.environment:checking '/home/won/fastcam_ws/install/mybot_description/bin'
[0.806s] INFO:colcon.colcon_core.shell:Creating package script '/home/won/fastcam_ws/install/mybot_description/share/mybot_description/package.ps1'
[0.806s] INFO:colcon.colcon_core.shell:Creating package descriptor '/home/won/fastcam_ws/install/mybot_description/share/mybot_description/package.dsv'
[0.806s] INFO:colcon.colcon_core.shell:Creating package script '/home/won/fastcam_ws/install/mybot_description/share/mybot_description/package.sh'
[0.806s] INFO:colcon.colcon_core.shell:Creating package script '/home/won/fastcam_ws/install/mybot_description/share/mybot_description/package.bash'
[0.806s] INFO:colcon.colcon_core.shell:Creating package script '/home/won/fastcam_ws/install/mybot_description/share/mybot_description/package.zsh'
[0.807s] Level 1:colcon.colcon_core.environment:create_file_with_runtime_dependencies(/home/won/fastcam_ws/install/mybot_description/share/colcon-core/packages/mybot_description)
[0.860s] Level 1:colcon.colcon_core.environment:create_environment_scripts_only(my_box_bot_description)
[0.860s] Level 1:colcon.colcon_core.environment:checking '/home/won/fastcam_ws/install/my_box_bot_description' for CMake module files
[0.860s] DEBUG:colcon.colcon_core.event_handler.log_command:Invoked command in '/home/won/fastcam_ws/build/my_box_bot_description' returned '0': CMAKE_PREFIX_PATH=${CMAKE_PREFIX_PATH}:/opt/ros/humble /usr/bin/cmake --install /home/won/fastcam_ws/build/my_box_bot_description
[0.861s] Level 1:colcon.colcon_core.environment:checking '/home/won/fastcam_ws/install/my_box_bot_description' for CMake config files
[0.861s] Level 1:colcon.colcon_core.shell:create_environment_hook('my_box_bot_description', 'cmake_prefix_path')
[0.861s] INFO:colcon.colcon_core.shell:Creating environment hook '/home/won/fastcam_ws/install/my_box_bot_description/share/my_box_bot_description/hook/cmake_prefix_path.ps1'
[0.861s] INFO:colcon.colcon_core.shell:Creating environment descriptor '/home/won/fastcam_ws/install/my_box_bot_description/share/my_box_bot_description/hook/cmake_prefix_path.dsv'
[0.861s] INFO:colcon.colcon_core.shell:Creating environment hook '/home/won/fastcam_ws/install/my_box_bot_description/share/my_box_bot_description/hook/cmake_prefix_path.sh'
[0.861s] Level 1:colcon.colcon_core.environment:checking '/home/won/fastcam_ws/install/my_box_bot_description/bin'
[0.862s] Level 1:colcon.colcon_core.environment:checking '/home/won/fastcam_ws/install/my_box_bot_description/lib/pkgconfig/my_box_bot_description.pc'
[0.862s] Level 1:colcon.colcon_core.environment:checking '/home/won/fastcam_ws/install/my_box_bot_description/lib/python3.10/site-packages'
[0.862s] Level 1:colcon.colcon_core.environment:checking '/home/won/fastcam_ws/install/my_box_bot_description/bin'
[0.862s] INFO:colcon.colcon_core.shell:Creating package script '/home/won/fastcam_ws/install/my_box_bot_description/share/my_box_bot_description/package.ps1'
[0.862s] INFO:colcon.colcon_core.shell:Creating package descriptor '/home/won/fastcam_ws/install/my_box_bot_description/share/my_box_bot_description/package.dsv'
[0.862s] INFO:colcon.colcon_core.shell:Creating package script '/home/won/fastcam_ws/install/my_box_bot_description/share/my_box_bot_description/package.sh'
[0.862s] INFO:colcon.colcon_core.shell:Creating package script '/home/won/fastcam_ws/install/my_box_bot_description/share/my_box_bot_description/package.bash'
[0.863s] INFO:colcon.colcon_core.shell:Creating package script '/home/won/fastcam_ws/install/my_box_bot_description/share/my_box_bot_description/package.zsh'
[0.863s] Level 1:colcon.colcon_core.environment:create_file_with_runtime_dependencies(/home/won/fastcam_ws/install/my_box_bot_description/share/colcon-core/packages/my_box_bot_description)
[0.863s] Level 1:colcon.colcon_core.environment:create_environment_scripts_only(my_box_bot_description)
[0.863s] Level 1:colcon.colcon_core.environment:checking '/home/won/fastcam_ws/install/my_box_bot_description' for CMake module files
[0.863s] Level 1:colcon.colcon_core.environment:checking '/home/won/fastcam_ws/install/my_box_bot_description' for CMake config files
[0.864s] Level 1:colcon.colcon_core.shell:create_environment_hook('my_box_bot_description', 'cmake_prefix_path')
[0.864s] INFO:colcon.colcon_core.shell:Creating environment hook '/home/won/fastcam_ws/install/my_box_bot_description/share/my_box_bot_description/hook/cmake_prefix_path.ps1'
[0.864s] INFO:colcon.colcon_core.shell:Creating environment descriptor '/home/won/fastcam_ws/install/my_box_bot_description/share/my_box_bot_description/hook/cmake_prefix_path.dsv'
[0.864s] INFO:colcon.colcon_core.shell:Creating environment hook '/home/won/fastcam_ws/install/my_box_bot_description/share/my_box_bot_description/hook/cmake_prefix_path.sh'
[0.864s] Level 1:colcon.colcon_core.environment:checking '/home/won/fastcam_ws/install/my_box_bot_description/bin'
[0.864s] Level 1:colcon.colcon_core.environment:checking '/home/won/fastcam_ws/install/my_box_bot_description/lib/pkgconfig/my_box_bot_description.pc'
[0.864s] Level 1:colcon.colcon_core.environment:checking '/home/won/fastcam_ws/install/my_box_bot_description/lib/python3.10/site-packages'
[0.864s] Level 1:colcon.colcon_core.environment:checking '/home/won/fastcam_ws/install/my_box_bot_description/bin'
[0.865s] INFO:colcon.colcon_core.shell:Creating package script '/home/won/fastcam_ws/install/my_box_bot_description/share/my_box_bot_description/package.ps1'
[0.865s] INFO:colcon.colcon_core.shell:Creating package descriptor '/home/won/fastcam_ws/install/my_box_bot_description/share/my_box_bot_description/package.dsv'
[0.865s] INFO:colcon.colcon_core.shell:Creating package script '/home/won/fastcam_ws/install/my_box_bot_description/share/my_box_bot_description/package.sh'
[0.865s] INFO:colcon.colcon_core.shell:Creating package script '/home/won/fastcam_ws/install/my_box_bot_description/share/my_box_bot_description/package.bash'
[0.865s] INFO:colcon.colcon_core.shell:Creating package script '/home/won/fastcam_ws/install/my_box_bot_description/share/my_box_bot_description/package.zsh'
[0.866s] Level 1:colcon.colcon_core.environment:create_file_with_runtime_dependencies(/home/won/fastcam_ws/install/my_box_bot_description/share/colcon-core/packages/my_box_bot_description)
[1.562s] DEBUG:colcon.colcon_core.event_handler.log_command:Invoked command in '/home/won/fastcam_ws/build/mybot_simulation' returned '0': CMAKE_PREFIX_PATH=${CMAKE_PREFIX_PATH}:/opt/ros/humble /usr/bin/cmake /home/won/fastcam_ws/src/mybot_simulation -DAMENT_CMAKE_SYMLINK_INSTALL=1 -DCMAKE_INSTALL_PREFIX=/home/won/fastcam_ws/install/mybot_simulation
[1.563s] DEBUG:colcon.colcon_core.event_handler.log_command:Invoking command in '/home/won/fastcam_ws/build/mybot_simulation': CMAKE_PREFIX_PATH=${CMAKE_PREFIX_PATH}:/opt/ros/humble /usr/bin/cmake --build /home/won/fastcam_ws/build/mybot_simulation -- -j16 -l16
[1.591s] DEBUG:colcon.colcon_core.event_handler.log_command:Invoked command in '/home/won/fastcam_ws/build/mybot_simulation' returned '0': CMAKE_PREFIX_PATH=${CMAKE_PREFIX_PATH}:/opt/ros/humble /usr/bin/cmake --build /home/won/fastcam_ws/build/mybot_simulation -- -j16 -l16
[1.592s] DEBUG:colcon.colcon_core.event_handler.log_command:Invoking command in '/home/won/fastcam_ws/build/mybot_simulation': CMAKE_PREFIX_PATH=${CMAKE_PREFIX_PATH}:/opt/ros/humble /usr/bin/cmake --install /home/won/fastcam_ws/build/mybot_simulation
[1.686s] Level 1:colcon.colcon_core.environment:create_environment_scripts_only(mybot_simulation)
[1.687s] Level 1:colcon.colcon_core.environment:checking '/home/won/fastcam_ws/install/mybot_simulation' for CMake module files
[1.687s] DEBUG:colcon.colcon_core.event_handler.log_command:Invoked command in '/home/won/fastcam_ws/build/mybot_simulation' returned '0': CMAKE_PREFIX_PATH=${CMAKE_PREFIX_PATH}:/opt/ros/humble /usr/bin/cmake --install /home/won/fastcam_ws/build/mybot_simulation
[1.687s] Level 1:colcon.colcon_core.environment:checking '/home/won/fastcam_ws/install/mybot_simulation' for CMake config files
[1.687s] Level 1:colcon.colcon_core.shell:create_environment_hook('mybot_simulation', 'cmake_prefix_path')
[1.687s] INFO:colcon.colcon_core.shell:Creating environment hook '/home/won/fastcam_ws/install/mybot_simulation/share/mybot_simulation/hook/cmake_prefix_path.ps1'
[1.688s] INFO:colcon.colcon_core.shell:Creating environment descriptor '/home/won/fastcam_ws/install/mybot_simulation/share/mybot_simulation/hook/cmake_prefix_path.dsv'
[1.688s] INFO:colcon.colcon_core.shell:Creating environment hook '/home/won/fastcam_ws/install/mybot_simulation/share/mybot_simulation/hook/cmake_prefix_path.sh'
[1.688s] Level 1:colcon.colcon_core.environment:checking '/home/won/fastcam_ws/install/mybot_simulation/bin'
[1.688s] Level 1:colcon.colcon_core.environment:checking '/home/won/fastcam_ws/install/mybot_simulation/lib/pkgconfig/mybot_simulation.pc'
[1.688s] Level 1:colcon.colcon_core.environment:checking '/home/won/fastcam_ws/install/mybot_simulation/lib/python3.10/site-packages'
[1.689s] Level 1:colcon.colcon_core.environment:checking '/home/won/fastcam_ws/install/mybot_simulation/bin'
[1.689s] INFO:colcon.colcon_core.shell:Creating package script '/home/won/fastcam_ws/install/mybot_simulation/share/mybot_simulation/package.ps1'
[1.689s] INFO:colcon.colcon_core.shell:Creating package descriptor '/home/won/fastcam_ws/install/mybot_simulation/share/mybot_simulation/package.dsv'
[1.689s] INFO:colcon.colcon_core.shell:Creating package script '/home/won/fastcam_ws/install/mybot_simulation/share/mybot_simulation/package.sh'
[1.689s] INFO:colcon.colcon_core.shell:Creating package script '/home/won/fastcam_ws/install/mybot_simulation/share/mybot_simulation/package.bash'
[1.689s] INFO:colcon.colcon_core.shell:Creating package script '/home/won/fastcam_ws/install/mybot_simulation/share/mybot_simulation/package.zsh'
[1.690s] Level 1:colcon.colcon_core.environment:create_file_with_runtime_dependencies(/home/won/fastcam_ws/install/mybot_simulation/share/colcon-core/packages/mybot_simulation)
[1.690s] Level 1:colcon.colcon_core.environment:create_environment_scripts_only(mybot_simulation)
[1.690s] Level 1:colcon.colcon_core.environment:checking '/home/won/fastcam_ws/install/mybot_simulation' for CMake module files
[1.690s] Level 1:colcon.colcon_core.environment:checking '/home/won/fastcam_ws/install/mybot_simulation' for CMake config files
[1.690s] Level 1:colcon.colcon_core.shell:create_environment_hook('mybot_simulation', 'cmake_prefix_path')
[1.690s] INFO:colcon.colcon_core.shell:Creating environment hook '/home/won/fastcam_ws/install/mybot_simulation/share/mybot_simulation/hook/cmake_prefix_path.ps1'
[1.691s] INFO:colcon.colcon_core.shell:Creating environment descriptor '/home/won/fastcam_ws/install/mybot_simulation/share/mybot_simulation/hook/cmake_prefix_path.dsv'
[1.691s] INFO:colcon.colcon_core.shell:Creating environment hook '/home/won/fastcam_ws/install/mybot_simulation/share/mybot_simulation/hook/cmake_prefix_path.sh'
[1.691s] Level 1:colcon.colcon_core.environment:checking '/home/won/fastcam_ws/install/mybot_simulation/bin'
[1.691s] Level 1:colcon.colcon_core.environment:checking '/home/won/fastcam_ws/install/mybot_simulation/lib/pkgconfig/mybot_simulation.pc'
[1.691s] Level 1:colcon.colcon_core.environment:checking '/home/won/fastcam_ws/install/mybot_simulation/lib/python3.10/site-packages'
[1.691s] Level 1:colcon.colcon_core.environment:checking '/home/won/fastcam_ws/install/mybot_simulation/bin'
[1.691s] INFO:colcon.colcon_core.shell:Creating package script '/home/won/fastcam_ws/install/mybot_simulation/share/mybot_simulation/package.ps1'
[1.692s] INFO:colcon.colcon_core.shell:Creating package descriptor '/home/won/fastcam_ws/install/mybot_simulation/share/mybot_simulation/package.dsv'
[1.692s] INFO:colcon.colcon_core.shell:Creating package script '/home/won/fastcam_ws/install/mybot_simulation/share/mybot_simulation/package.sh'
[1.692s] INFO:colcon.colcon_core.shell:Creating package script '/home/won/fastcam_ws/install/mybot_simulation/share/mybot_simulation/package.bash'
[1.692s] INFO:colcon.colcon_core.shell:Creating package script '/home/won/fastcam_ws/install/mybot_simulation/share/mybot_simulation/package.zsh'
[1.692s] Level 1:colcon.colcon_core.environment:create_file_with_runtime_dependencies(/home/won/fastcam_ws/install/mybot_simulation/share/colcon-core/packages/mybot_simulation)
[1.693s] DEBUG:colcon.colcon_parallel_executor.executor.parallel:closing loop
[1.693s] DEBUG:colcon.colcon_parallel_executor.executor.parallel:loop closed
[1.693s] DEBUG:colcon.colcon_parallel_executor.executor.parallel:run_until_complete finished with '0'
[1.693s] DEBUG:colcon.colcon_core.event_reactor:joining thread
[1.696s] INFO:colcon.colcon_core.plugin_system:Skipping extension 'colcon_notification.desktop_notification.terminal_notifier': Not used on non-Darwin systems
[1.696s] INFO:colcon.colcon_core.plugin_system:Skipping extension 'colcon_notification.desktop_notification.win32': Not used on non-Windows systems
[1.696s] INFO:colcon.colcon_notification.desktop_notification:Sending desktop notification using 'notify2'
[1.707s] DEBUG:colcon.colcon_core.event_reactor:joined thread
[1.708s] INFO:colcon.colcon_core.shell:Creating prefix script '/home/won/fastcam_ws/install/local_setup.ps1'
[1.708s] INFO:colcon.colcon_core.shell:Creating prefix util module '/home/won/fastcam_ws/install/_local_setup_util_ps1.py'
[1.709s] INFO:colcon.colcon_core.shell:Creating prefix chain script '/home/won/fastcam_ws/install/setup.ps1'
[1.710s] INFO:colcon.colcon_core.shell:Creating prefix script '/home/won/fastcam_ws/install/local_setup.sh'
[1.711s] INFO:colcon.colcon_core.shell:Creating prefix util module '/home/won/fastcam_ws/install/_local_setup_util_sh.py'
[1.711s] INFO:colcon.colcon_core.shell:Creating prefix chain script '/home/won/fastcam_ws/install/setup.sh'
[1.712s] INFO:colcon.colcon_core.shell:Creating prefix script '/home/won/fastcam_ws/install/local_setup.bash'
[1.712s] INFO:colcon.colcon_core.shell:Creating prefix chain script '/home/won/fastcam_ws/install/setup.bash'
[1.713s] INFO:colcon.colcon_core.shell:Creating prefix script '/home/won/fastcam_ws/install/local_setup.zsh'
[1.713s] INFO:colcon.colcon_core.shell:Creating prefix chain script '/home/won/fastcam_ws/install/setup.zsh'
