-- The C compiler identification is GNU 11.4.0
-- The CXX compiler identification is GNU 11.4.0
-- Detecting C compiler ABI info
-- Detecting C compiler ABI info - done
-- Check for working C compiler: /usr/bin/cc - skipped
-- Detecting C compile features
-- Detecting C compile features - done
-- Detecting CXX compiler ABI info
-- Detecting CXX compiler ABI info - done
-- Check for working CXX compiler: /usr/bin/c++ - skipped
-- Detecting CXX compile features
-- Detecting CXX compile features - done
-- Found ament_cmake: 1.3.12 (/opt/ros/humble/share/ament_cmake/cmake)
-- Found Python3: /usr/bin/python3 (found version "3.10.12") found components: Interpreter 
-- Override CMake install command with custom implementation using symlinks instead of copying resources
-- Found urdf: 2.6.1 (/opt/ros/humble/share/urdf/cmake)
-- Found xacro: 2.1.1 (/opt/ros/humble/share/xacro/cmake)
-- Configuring done
-- Generating done
-- Build files have been written to: /home/won/fastcam_ws/build/cybertruck_description
-- Install configuration: ""
-- Execute custom install script
-- Symlinking: /home/won/fastcam_ws/install/cybertruck_description/share/cybertruck_description/urdf/cybertruck.urdf
-- Symlinking: /home/won/fastcam_ws/install/cybertruck_description/share/cybertruck_description/meshes/dae/Body_Plane.001.dae
-- Symlinking: /home/won/fastcam_ws/install/cybertruck_description/share/cybertruck_description/meshes/dae/FL_Circle.009.dae
-- Symlinking: /home/won/fastcam_ws/install/cybertruck_description/share/cybertruck_description/meshes/dae/FR_Circle.010.dae
-- Symlinking: /home/won/fastcam_ws/install/cybertruck_description/share/cybertruck_description/meshes/dae/RL_Circle.011.dae
-- Symlinking: /home/won/fastcam_ws/install/cybertruck_description/share/cybertruck_description/meshes/dae/RR_Circle.012.dae
-- Symlinking: /home/won/fastcam_ws/install/cybertruck_description/share/cybertruck_description/launch/display_robot.launch.py
-- Symlinking: /home/won/fastcam_ws/install/cybertruck_description/share/cybertruck_description/rviz/urdf_vis.rviz
-- Symlinking: /home/won/fastcam_ws/install/cybertruck_description/share/ament_index/resource_index/package_run_dependencies/cybertruck_description
-- Symlinking: /home/won/fastcam_ws/install/cybertruck_description/share/ament_index/resource_index/parent_prefix_path/cybertruck_description
-- Symlinking: /home/won/fastcam_ws/install/cybertruck_description/share/cybertruck_description/environment/ament_prefix_path.sh
-- Symlinking: /home/won/fastcam_ws/install/cybertruck_description/share/cybertruck_description/environment/ament_prefix_path.dsv
-- Symlinking: /home/won/fastcam_ws/install/cybertruck_description/share/cybertruck_description/environment/path.sh
-- Symlinking: /home/won/fastcam_ws/install/cybertruck_description/share/cybertruck_description/environment/path.dsv
-- Symlinking: /home/won/fastcam_ws/install/cybertruck_description/share/cybertruck_description/local_setup.bash
-- Symlinking: /home/won/fastcam_ws/install/cybertruck_description/share/cybertruck_description/local_setup.sh
-- Symlinking: /home/won/fastcam_ws/install/cybertruck_description/share/cybertruck_description/local_setup.zsh
-- Symlinking: /home/won/fastcam_ws/install/cybertruck_description/share/cybertruck_description/local_setup.dsv
-- Symlinking: /home/won/fastcam_ws/install/cybertruck_description/share/cybertruck_description/package.dsv
-- Symlinking: /home/won/fastcam_ws/install/cybertruck_description/share/ament_index/resource_index/packages/cybertruck_description
-- Symlinking: /home/won/fastcam_ws/install/cybertruck_description/share/cybertruck_description/cmake/cybertruck_descriptionConfig.cmake
-- Symlinking: /home/won/fastcam_ws/install/cybertruck_description/share/cybertruck_description/cmake/cybertruck_descriptionConfig-version.cmake
-- Symlinking: /home/won/fastcam_ws/install/cybertruck_description/share/cybertruck_description/package.xml
