[0.012s] Invoking command in '/home/won/fastcam_ws/build/cybertruck_description': CMAKE_PREFIX_PATH=${CMAKE_PREFIX_PATH}:/opt/ros/humble /usr/bin/cmake /home/won/fastcam_ws/src/cybertruck_description -DAMENT_CMAKE_SYMLINK_INSTALL=1 -DCMAKE_INSTALL_PREFIX=/home/won/fastcam_ws/install/cybertruck_description
[0.048s] -- The C compiler identification is GNU 11.4.0
[0.082s] -- The CXX compiler identification is GNU 11.4.0
[0.087s] -- Detecting C compiler ABI info
[0.131s] -- Detecting C compiler ABI info - done
[0.135s] -- Check for working C compiler: /usr/bin/cc - skipped
[0.135s] -- Detecting C compile features
[0.135s] -- Detecting C compile features - done
[0.137s] -- Detecting CXX compiler ABI info
[0.188s] -- Detecting CXX compiler ABI info - done
[0.195s] -- Check for working CXX compiler: /usr/bin/c++ - skipped
[0.195s] -- Detecting CXX compile features
[0.195s] -- Detecting CXX compile features - done
[0.197s] -- Found ament_cmake: 1.3.12 (/opt/ros/humble/share/ament_cmake/cmake)
[0.286s] -- Found Python3: /usr/bin/python3 (found version "3.10.12") found components: Interpreter 
[0.321s] -- Override CMake install command with custom implementation using symlinks instead of copying resources
[0.340s] -- Found urdf: 2.6.1 (/opt/ros/humble/share/urdf/cmake)
[0.375s] -- Found xacro: 2.1.1 (/opt/ros/humble/share/xacro/cmake)
[0.414s] -- Configuring done
[0.417s] -- Generating done
[0.419s] -- Build files have been written to: /home/won/fastcam_ws/build/cybertruck_description
[0.424s] Invoked command in '/home/won/fastcam_ws/build/cybertruck_description' returned '0': CMAKE_PREFIX_PATH=${CMAKE_PREFIX_PATH}:/opt/ros/humble /usr/bin/cmake /home/won/fastcam_ws/src/cybertruck_description -DAMENT_CMAKE_SYMLINK_INSTALL=1 -DCMAKE_INSTALL_PREFIX=/home/won/fastcam_ws/install/cybertruck_description
[0.425s] Invoking command in '/home/won/fastcam_ws/build/cybertruck_description': CMAKE_PREFIX_PATH=${CMAKE_PREFIX_PATH}:/opt/ros/humble /usr/bin/cmake --build /home/won/fastcam_ws/build/cybertruck_description -- -j16 -l16
[0.450s] Invoked command in '/home/won/fastcam_ws/build/cybertruck_description' returned '0': CMAKE_PREFIX_PATH=${CMAKE_PREFIX_PATH}:/opt/ros/humble /usr/bin/cmake --build /home/won/fastcam_ws/build/cybertruck_description -- -j16 -l16
[0.451s] Invoking command in '/home/won/fastcam_ws/build/cybertruck_description': CMAKE_PREFIX_PATH=${CMAKE_PREFIX_PATH}:/opt/ros/humble /usr/bin/cmake --install /home/won/fastcam_ws/build/cybertruck_description
[0.456s] -- Install configuration: ""
[0.456s] -- Execute custom install script
[0.456s] -- Symlinking: /home/won/fastcam_ws/install/cybertruck_description/share/cybertruck_description/urdf/cybertruck.urdf
[0.462s] -- Symlinking: /home/won/fastcam_ws/install/cybertruck_description/share/cybertruck_description/meshes/dae/Body_Plane.001.dae
[0.468s] -- Symlinking: /home/won/fastcam_ws/install/cybertruck_description/share/cybertruck_description/meshes/dae/FL_Circle.009.dae
[0.474s] -- Symlinking: /home/won/fastcam_ws/install/cybertruck_description/share/cybertruck_description/meshes/dae/FR_Circle.010.dae
[0.479s] -- Symlinking: /home/won/fastcam_ws/install/cybertruck_description/share/cybertruck_description/meshes/dae/RL_Circle.011.dae
[0.485s] -- Symlinking: /home/won/fastcam_ws/install/cybertruck_description/share/cybertruck_description/meshes/dae/RR_Circle.012.dae
[0.490s] -- Symlinking: /home/won/fastcam_ws/install/cybertruck_description/share/cybertruck_description/launch/display_robot.launch.py
[0.496s] -- Symlinking: /home/won/fastcam_ws/install/cybertruck_description/share/cybertruck_description/rviz/urdf_vis.rviz
[0.501s] -- Symlinking: /home/won/fastcam_ws/install/cybertruck_description/share/ament_index/resource_index/package_run_dependencies/cybertruck_description
[0.507s] -- Symlinking: /home/won/fastcam_ws/install/cybertruck_description/share/ament_index/resource_index/parent_prefix_path/cybertruck_description
[0.512s] -- Symlinking: /home/won/fastcam_ws/install/cybertruck_description/share/cybertruck_description/environment/ament_prefix_path.sh
[0.517s] -- Symlinking: /home/won/fastcam_ws/install/cybertruck_description/share/cybertruck_description/environment/ament_prefix_path.dsv
[0.522s] -- Symlinking: /home/won/fastcam_ws/install/cybertruck_description/share/cybertruck_description/environment/path.sh
[0.528s] -- Symlinking: /home/won/fastcam_ws/install/cybertruck_description/share/cybertruck_description/environment/path.dsv
[0.533s] -- Symlinking: /home/won/fastcam_ws/install/cybertruck_description/share/cybertruck_description/local_setup.bash
[0.538s] -- Symlinking: /home/won/fastcam_ws/install/cybertruck_description/share/cybertruck_description/local_setup.sh
[0.543s] -- Symlinking: /home/won/fastcam_ws/install/cybertruck_description/share/cybertruck_description/local_setup.zsh
[0.549s] -- Symlinking: /home/won/fastcam_ws/install/cybertruck_description/share/cybertruck_description/local_setup.dsv
[0.554s] -- Symlinking: /home/won/fastcam_ws/install/cybertruck_description/share/cybertruck_description/package.dsv
[0.559s] -- Symlinking: /home/won/fastcam_ws/install/cybertruck_description/share/ament_index/resource_index/packages/cybertruck_description
[0.564s] -- Symlinking: /home/won/fastcam_ws/install/cybertruck_description/share/cybertruck_description/cmake/cybertruck_descriptionConfig.cmake
[0.570s] -- Symlinking: /home/won/fastcam_ws/install/cybertruck_description/share/cybertruck_description/cmake/cybertruck_descriptionConfig-version.cmake
[0.575s] -- Symlinking: /home/won/fastcam_ws/install/cybertruck_description/share/cybertruck_description/package.xml
[0.582s] Invoked command in '/home/won/fastcam_ws/build/cybertruck_description' returned '0': CMAKE_PREFIX_PATH=${CMAKE_PREFIX_PATH}:/opt/ros/humble /usr/bin/cmake --install /home/won/fastcam_ws/build/cybertruck_description
