-- The C compiler identification is GNU 11.4.0
-- The CXX compiler identification is GNU 11.4.0
-- Detecting C compiler ABI info
-- Detecting C compiler ABI info - done
-- Check for working C compiler: /usr/bin/cc - skipped
-- Detecting C compile features
-- Detecting C compile features - done
-- Detecting CXX compiler ABI info
-- Detecting CXX compiler ABI info - done
-- Check for working CXX compiler: /usr/bin/c++ - skipped
-- Detecting CXX compile features
-- Detecting CXX compile features - done
-- Found ament_cmake: 1.3.12 (/opt/ros/humble/share/ament_cmake/cmake)
-- Found Python3: /usr/bin/python3 (found version "3.10.12") found components: Interpreter 
-- Override CMake install command with custom implementation using symlinks instead of copying resources
-- Found urdf: 2.6.1 (/opt/ros/humble/share/urdf/cmake)
-- Found xacro: 2.1.1 (/opt/ros/humble/share/xacro/cmake)
-- Found ament_lint_auto: 0.12.14 (/opt/ros/humble/share/ament_lint_auto/cmake)
-- Added test 'flake8' to check Python code syntax and style conventions
-- Added test 'lint_cmake' to check CMake code style
-- Added test 'pep257' to check Python code against some of the docstring style conventions in PEP 257
-- Added test 'xmllint' to check XML markup files
-- Configuring done
-- Generating done
-- Build files have been written to: /home/won/fastcam_ws/build/mybot_description
-- Install configuration: ""
-- Execute custom install script
-- Symlinking: /home/won/fastcam_ws/install/mybot_description/share/mybot_description/urdf/mybot.urdf
-- Symlinking: /home/won/fastcam_ws/install/mybot_description/share/mybot_description/meshes/base_link.dae
-- Symlinking: /home/won/fastcam_ws/install/mybot_description/share/mybot_description/meshes/meshes.zip
-- Symlinking: /home/won/fastcam_ws/install/mybot_description/share/mybot_description/meshes/wheel_type1.dae
-- Symlinking: /home/won/fastcam_ws/install/mybot_description/share/mybot_description/meshes/wheel_type2.dae
-- Symlinking: /home/won/fastcam_ws/install/mybot_description/share/mybot_description/launch/display_robot.launch.py
-- Symlinking: /home/won/fastcam_ws/install/mybot_description/share/mybot_description/rviz/urdf_vis.rviz
-- Symlinking: /home/won/fastcam_ws/install/mybot_description/share/ament_index/resource_index/package_run_dependencies/mybot_description
-- Symlinking: /home/won/fastcam_ws/install/mybot_description/share/ament_index/resource_index/parent_prefix_path/mybot_description
-- Symlinking: /home/won/fastcam_ws/install/mybot_description/share/mybot_description/environment/ament_prefix_path.sh
-- Symlinking: /home/won/fastcam_ws/install/mybot_description/share/mybot_description/environment/ament_prefix_path.dsv
-- Symlinking: /home/won/fastcam_ws/install/mybot_description/share/mybot_description/environment/path.sh
-- Symlinking: /home/won/fastcam_ws/install/mybot_description/share/mybot_description/environment/path.dsv
-- Symlinking: /home/won/fastcam_ws/install/mybot_description/share/mybot_description/local_setup.bash
-- Symlinking: /home/won/fastcam_ws/install/mybot_description/share/mybot_description/local_setup.sh
-- Symlinking: /home/won/fastcam_ws/install/mybot_description/share/mybot_description/local_setup.zsh
-- Symlinking: /home/won/fastcam_ws/install/mybot_description/share/mybot_description/local_setup.dsv
-- Symlinking: /home/won/fastcam_ws/install/mybot_description/share/mybot_description/package.dsv
-- Symlinking: /home/won/fastcam_ws/install/mybot_description/share/ament_index/resource_index/packages/mybot_description
-- Symlinking: /home/won/fastcam_ws/install/mybot_description/share/mybot_description/cmake/mybot_descriptionConfig.cmake
-- Symlinking: /home/won/fastcam_ws/install/mybot_description/share/mybot_description/cmake/mybot_descriptionConfig-version.cmake
-- Symlinking: /home/won/fastcam_ws/install/mybot_description/share/mybot_description/package.xml
