[0.007s] Invoking command in '/home/won/fastcam_ws/build/mybot_description': CMAKE_PREFIX_PATH=${CMAKE_PREFIX_PATH}:/opt/ros/humble /usr/bin/cmake --build /home/won/fastcam_ws/build/mybot_description -- -j16 -l16
[0.034s] Invoked command in '/home/won/fastcam_ws/build/mybot_description' returned '0': CMAKE_PREFIX_PATH=${CMAKE_PREFIX_PATH}:/opt/ros/humble /usr/bin/cmake --build /home/won/fastcam_ws/build/mybot_description -- -j16 -l16
[0.041s] Invoking command in '/home/won/fastcam_ws/build/mybot_description': CMAKE_PREFIX_PATH=${CMAKE_PREFIX_PATH}:/opt/ros/humble /usr/bin/cmake --install /home/won/fastcam_ws/build/mybot_description
[0.045s] -- Install configuration: ""
[0.045s] -- Execute custom install script
[0.046s] -- Up-to-date symlink: /home/won/fastcam_ws/install/mybot_description/share/mybot_description/urdf/mybot.urdf
[0.046s] -- Symlinking: /home/won/fastcam_ws/install/mybot_description/share/mybot_description/urdf/mybot_collision_inertia.urdf
[0.052s] -- Up-to-date symlink: /home/won/fastcam_ws/install/mybot_description/share/mybot_description/meshes/base_link.dae
[0.052s] -- Up-to-date symlink: /home/won/fastcam_ws/install/mybot_description/share/mybot_description/meshes/meshes.zip
[0.052s] -- Up-to-date symlink: /home/won/fastcam_ws/install/mybot_description/share/mybot_description/meshes/wheel_type1.dae
[0.052s] -- Up-to-date symlink: /home/won/fastcam_ws/install/mybot_description/share/mybot_description/meshes/wheel_type2.dae
[0.052s] -- Up-to-date symlink: /home/won/fastcam_ws/install/mybot_description/share/mybot_description/launch/display_robot.launch.py
[0.052s] -- Up-to-date symlink: /home/won/fastcam_ws/install/mybot_description/share/mybot_description/rviz/urdf_vis.rviz
[0.052s] -- Up-to-date symlink: /home/won/fastcam_ws/install/mybot_description/share/ament_index/resource_index/package_run_dependencies/mybot_description
[0.052s] -- Up-to-date symlink: /home/won/fastcam_ws/install/mybot_description/share/ament_index/resource_index/parent_prefix_path/mybot_description
[0.052s] -- Up-to-date symlink: /home/won/fastcam_ws/install/mybot_description/share/mybot_description/environment/ament_prefix_path.sh
[0.053s] -- Up-to-date symlink: /home/won/fastcam_ws/install/mybot_description/share/mybot_description/environment/ament_prefix_path.dsv
[0.053s] -- Up-to-date symlink: /home/won/fastcam_ws/install/mybot_description/share/mybot_description/environment/path.sh
[0.053s] -- Up-to-date symlink: /home/won/fastcam_ws/install/mybot_description/share/mybot_description/environment/path.dsv
[0.053s] -- Up-to-date symlink: /home/won/fastcam_ws/install/mybot_description/share/mybot_description/local_setup.bash
[0.053s] -- Up-to-date symlink: /home/won/fastcam_ws/install/mybot_description/share/mybot_description/local_setup.sh
[0.053s] -- Up-to-date symlink: /home/won/fastcam_ws/install/mybot_description/share/mybot_description/local_setup.zsh
[0.053s] -- Up-to-date symlink: /home/won/fastcam_ws/install/mybot_description/share/mybot_description/local_setup.dsv
[0.053s] -- Symlinking: /home/won/fastcam_ws/install/mybot_description/share/mybot_description/package.dsv
[0.059s] -- Up-to-date symlink: /home/won/fastcam_ws/install/mybot_description/share/ament_index/resource_index/packages/mybot_description
[0.059s] -- Up-to-date symlink: /home/won/fastcam_ws/install/mybot_description/share/mybot_description/cmake/mybot_descriptionConfig.cmake
[0.060s] -- Up-to-date symlink: /home/won/fastcam_ws/install/mybot_description/share/mybot_description/cmake/mybot_descriptionConfig-version.cmake
[0.060s] -- Up-to-date symlink: /home/won/fastcam_ws/install/mybot_description/share/mybot_description/package.xml
[0.061s] Invoked command in '/home/won/fastcam_ws/build/mybot_description' returned '0': CMAKE_PREFIX_PATH=${CMAKE_PREFIX_PATH}:/opt/ros/humble /usr/bin/cmake --install /home/won/fastcam_ws/build/mybot_description
