-- Install configuration: ""
-- Execute custom install script
-- Symlinking: /home/won/fastcam_ws/install/mybot_simulation/share/mybot_simulation//launch/mybot_simulation.launch.py
-- Symlinking: /home/won/fastcam_ws/install/mybot_simulation/share/mybot_simulation//launch/spawn_robot.launch.py
-- Up-to-date symlink: /home/won/fastcam_ws/install/mybot_simulation/share/mybot_simulation//launch/start_world.launch.py
-- Up-to-date symlink: /home/won/fastcam_ws/install/mybot_simulation/share/ament_index/resource_index/package_run_dependencies/mybot_simulation
-- Up-to-date symlink: /home/won/fastcam_ws/install/mybot_simulation/share/ament_index/resource_index/parent_prefix_path/mybot_simulation
-- Up-to-date symlink: /home/won/fastcam_ws/install/mybot_simulation/share/mybot_simulation/environment/ament_prefix_path.sh
-- Up-to-date symlink: /home/won/fastcam_ws/install/mybot_simulation/share/mybot_simulation/environment/ament_prefix_path.dsv
-- Up-to-date symlink: /home/won/fastcam_ws/install/mybot_simulation/share/mybot_simulation/environment/path.sh
-- Up-to-date symlink: /home/won/fastcam_ws/install/mybot_simulation/share/mybot_simulation/environment/path.dsv
-- Up-to-date symlink: /home/won/fastcam_ws/install/mybot_simulation/share/mybot_simulation/local_setup.bash
-- Up-to-date symlink: /home/won/fastcam_ws/install/mybot_simulation/share/mybot_simulation/local_setup.sh
-- Up-to-date symlink: /home/won/fastcam_ws/install/mybot_simulation/share/mybot_simulation/local_setup.zsh
-- Up-to-date symlink: /home/won/fastcam_ws/install/mybot_simulation/share/mybot_simulation/local_setup.dsv
-- Symlinking: /home/won/fastcam_ws/install/mybot_simulation/share/mybot_simulation/package.dsv
-- Up-to-date symlink: /home/won/fastcam_ws/install/mybot_simulation/share/ament_index/resource_index/packages/mybot_simulation
-- Up-to-date symlink: /home/won/fastcam_ws/install/mybot_simulation/share/mybot_simulation/cmake/mybot_simulationConfig.cmake
-- Up-to-date symlink: /home/won/fastcam_ws/install/mybot_simulation/share/mybot_simulation/cmake/mybot_simulationConfig-version.cmake
-- Up-to-date symlink: /home/won/fastcam_ws/install/mybot_simulation/share/mybot_simulation/package.xml
