[0.007s] Invoking command in '/home/won/fastcam_ws/build/mybot_simulation': CMAKE_PREFIX_PATH=${CMAKE_PREFIX_PATH}:/opt/ros/humble /usr/bin/cmake --build /home/won/fastcam_ws/build/mybot_simulation -- -j16 -l16
[0.039s] Invoked command in '/home/won/fastcam_ws/build/mybot_simulation' returned '0': CMAKE_PREFIX_PATH=${CMAKE_PREFIX_PATH}:/opt/ros/humble /usr/bin/cmake --build /home/won/fastcam_ws/build/mybot_simulation -- -j16 -l16
[0.040s] Invoking command in '/home/won/fastcam_ws/build/mybot_simulation': CMAKE_PREFIX_PATH=${CMAKE_PREFIX_PATH}:/opt/ros/humble /usr/bin/cmake --install /home/won/fastcam_ws/build/mybot_simulation
[0.045s] -- Install configuration: ""
[0.045s] -- Execute custom install script
[0.045s] -- Symlinking: /home/won/fastcam_ws/install/mybot_simulation/share/mybot_simulation//launch/mybot_simulation.launch.py
[0.051s] -- Symlinking: /home/won/fastcam_ws/install/mybot_simulation/share/mybot_simulation//launch/spawn_robot.launch.py
[0.058s] -- Up-to-date symlink: /home/won/fastcam_ws/install/mybot_simulation/share/mybot_simulation//launch/start_world.launch.py
[0.058s] -- Up-to-date symlink: /home/won/fastcam_ws/install/mybot_simulation/share/ament_index/resource_index/package_run_dependencies/mybot_simulation
[0.058s] -- Up-to-date symlink: /home/won/fastcam_ws/install/mybot_simulation/share/ament_index/resource_index/parent_prefix_path/mybot_simulation
[0.058s] -- Up-to-date symlink: /home/won/fastcam_ws/install/mybot_simulation/share/mybot_simulation/environment/ament_prefix_path.sh
[0.058s] -- Up-to-date symlink: /home/won/fastcam_ws/install/mybot_simulation/share/mybot_simulation/environment/ament_prefix_path.dsv
[0.058s] -- Up-to-date symlink: /home/won/fastcam_ws/install/mybot_simulation/share/mybot_simulation/environment/path.sh
[0.058s] -- Up-to-date symlink: /home/won/fastcam_ws/install/mybot_simulation/share/mybot_simulation/environment/path.dsv
[0.058s] -- Up-to-date symlink: /home/won/fastcam_ws/install/mybot_simulation/share/mybot_simulation/local_setup.bash
[0.058s] -- Up-to-date symlink: /home/won/fastcam_ws/install/mybot_simulation/share/mybot_simulation/local_setup.sh
[0.058s] -- Up-to-date symlink: /home/won/fastcam_ws/install/mybot_simulation/share/mybot_simulation/local_setup.zsh
[0.059s] -- Up-to-date symlink: /home/won/fastcam_ws/install/mybot_simulation/share/mybot_simulation/local_setup.dsv
[0.059s] -- Symlinking: /home/won/fastcam_ws/install/mybot_simulation/share/mybot_simulation/package.dsv
[0.064s] -- Up-to-date symlink: /home/won/fastcam_ws/install/mybot_simulation/share/ament_index/resource_index/packages/mybot_simulation
[0.065s] -- Up-to-date symlink: /home/won/fastcam_ws/install/mybot_simulation/share/mybot_simulation/cmake/mybot_simulationConfig.cmake
[0.065s] -- Up-to-date symlink: /home/won/fastcam_ws/install/mybot_simulation/share/mybot_simulation/cmake/mybot_simulationConfig-version.cmake
[0.065s] -- Up-to-date symlink: /home/won/fastcam_ws/install/mybot_simulation/share/mybot_simulation/package.xml
[0.066s] Invoked command in '/home/won/fastcam_ws/build/mybot_simulation' returned '0': CMAKE_PREFIX_PATH=${CMAKE_PREFIX_PATH}:/opt/ros/humble /usr/bin/cmake --install /home/won/fastcam_ws/build/mybot_simulation
